<?xml version="1.0" encoding="UTF-8"?>
<testsuite xmlns:xsi="http://www.w3.org/2001/XMLSchema-instance" xsi:noNamespaceSchemaLocation="https://maven.apache.org/surefire/maven-surefire-plugin/xsd/surefire-test-report-3.0.xsd" version="3.0" name="com.ris.todoapp.controller.TaskTypeControllerTest" time="4.175" tests="2" errors="0" skipped="0" failures="0">
  <properties>
[...]
</properties>
  <testcase name="testCreateTaskType" classname="com.ris.todoapp.controller.TaskTypeControllerTest" time="0.673">
    <system-out><![CDATA[2025-01-11T19:15:29.169+01:00  INFO 8328 --- [           main] t.c.s.AnnotationConfigContextLoaderUtils : Could not detect default configuration classes for test class [com.ris.todoapp.controller.TaskTypeControllerTest]: TaskTypeControllerTest does not declare any static, non-private, non-final, nested classes annotated with @Configuration.
2025-01-11T19:15:29.175+01:00  INFO 8328 --- [           main] .b.t.c.SpringBootTestContextBootstrapper : Found @SpringBootConfiguration com.ris.todoapp.App for test class com.ris.todoapp.controller.TaskTypeControllerTest

  .   ____          _            __ _ _
 /\\ / ___'_ __ _ _(_)_ __  __ _ \ \ \ \
( ( )\___ | '_ | '_| | '_ \/ _` | \ \ \ \
 \\/  ___)| |_)| | | | | || (_| |  ) ) ) )
  '  |____| .__|_| |_|_| |_\__, | / / / /
 =========|_|==============|___/=/_/_/_/

 :: Spring Boot ::                (v3.3.4)

2025-01-11T19:15:29.270+01:00  INFO 8328 --- [           main] c.r.t.controller.TaskTypeControllerTest  : Starting TaskTypeControllerTest using Java 21.0.2 with PID 8328 (started by Uporabnik in C:\Users\Uporabnik\Desktop\Ris projekt\ToDoApp\RIS_todoapp\backend\ris_todoapp)
2025-01-11T19:15:29.271+01:00  INFO 8328 --- [           main] c.r.t.controller.TaskTypeControllerTest  : No active profile set, falling back to 1 default profile: "default"
2025-01-11T19:15:30.052+01:00  INFO 8328 --- [           main] .s.d.r.c.RepositoryConfigurationDelegate : Bootstrapping Spring Data JPA repositories in DEFAULT mode.
2025-01-11T19:15:30.072+01:00  INFO 8328 --- [           main] .s.d.r.c.RepositoryConfigurationDelegate : Finished Spring Data repository scanning in 19 ms. Found 3 JPA repository interfaces.
2025-01-11T19:15:30.802+01:00  INFO 8328 --- [           main] o.s.b.w.embedded.tomcat.TomcatWebServer  : Tomcat initialized with port 0 (http)
2025-01-11T19:15:30.844+01:00  INFO 8328 --- [           main] o.apache.catalina.core.StandardService   : Starting service [Tomcat]
2025-01-11T19:15:30.845+01:00  INFO 8328 --- [           main] o.apache.catalina.core.StandardEngine    : Starting Servlet engine: [Apache Tomcat/10.1.30]
2025-01-11T19:15:30.994+01:00  INFO 8328 --- [           main] o.a.c.c.C.[Tomcat].[localhost].[/]       : Initializing Spring embedded WebApplicationContext
2025-01-11T19:15:30.996+01:00  INFO 8328 --- [           main] w.s.c.ServletWebServerApplicationContext : Root WebApplicationContext: initialization completed in 1714 ms
2025-01-11T19:15:31.287+01:00  INFO 8328 --- [           main] o.hibernate.jpa.internal.util.LogHelper  : HHH000204: Processing PersistenceUnitInfo [name: default]
2025-01-11T19:15:31.295+01:00  INFO 8328 --- [           main] o.h.c.internal.RegionFactoryInitiator    : HHH000026: Second-level cache disabled
2025-01-11T19:15:31.319+01:00  INFO 8328 --- [           main] o.s.o.j.p.SpringPersistenceUnitInfo      : No LoadTimeWeaver setup: ignoring JPA class transformer
2025-01-11T19:15:31.321+01:00  INFO 8328 --- [           main] com.zaxxer.hikari.HikariDataSource       : HikariPool-2 - Starting...
2025-01-11T19:15:31.426+01:00  INFO 8328 --- [           main] com.zaxxer.hikari.pool.HikariPool        : HikariPool-2 - Added connection com.mysql.cj.jdbc.ConnectionImpl@1a5d0d94
2025-01-11T19:15:31.427+01:00  INFO 8328 --- [           main] com.zaxxer.hikari.HikariDataSource       : HikariPool-2 - Start completed.
2025-01-11T19:15:31.429+01:00  WARN 8328 --- [           main] org.hibernate.orm.deprecation            : HHH90000025: MySQL8Dialect does not need to be specified explicitly using 'hibernate.dialect' (remove the property setting and it will be selected by default)
2025-01-11T19:15:31.430+01:00  WARN 8328 --- [           main] org.hibernate.orm.deprecation            : HHH90000026: MySQL8Dialect has been deprecated; use org.hibernate.dialect.MySQLDialect instead
2025-01-11T19:15:31.699+01:00  INFO 8328 --- [           main] o.h.e.t.j.p.i.JtaPlatformInitiator       : HHH000489: No JTA platform available (set 'hibernate.transaction.jta.platform' to enable JTA platform integration)
2025-01-11T19:15:31.746+01:00  INFO 8328 --- [           main] j.LocalContainerEntityManagerFactoryBean : Initialized JPA EntityManagerFactory for persistence unit 'default'
2025-01-11T19:15:31.952+01:00  WARN 8328 --- [           main] JpaBaseConfiguration$JpaWebConfiguration : spring.jpa.open-in-view is enabled by default. Therefore, database queries may be performed during view rendering. Explicitly configure spring.jpa.open-in-view to disable this warning
2025-01-11T19:15:32.014+01:00 DEBUG 8328 --- [           main] s.w.s.m.m.a.RequestMappingHandlerMapping : 22 mappings in 'requestMappingHandlerMapping'
2025-01-11T19:15:32.121+01:00 DEBUG 8328 --- [           main] o.s.w.s.handler.SimpleUrlHandlerMapping  : Patterns [/webjars/**, /**] in 'resourceHandlerMapping'
2025-01-11T19:15:32.149+01:00 DEBUG 8328 --- [           main] s.w.s.m.m.a.RequestMappingHandlerAdapter : ControllerAdvice beans: 0 @ModelAttribute, 0 @InitBinder, 1 RequestBodyAdvice, 1 ResponseBodyAdvice
2025-01-11T19:15:32.163+01:00 DEBUG 8328 --- [           main] .m.m.a.ExceptionHandlerExceptionResolver : ControllerAdvice beans: 0 @ExceptionHandler, 1 ResponseBodyAdvice
2025-01-11T19:15:32.600+01:00  INFO 8328 --- [           main] o.s.b.w.embedded.tomcat.TomcatWebServer  : Tomcat started on port 50536 (http) with context path '/'
2025-01-11T19:15:32.609+01:00  INFO 8328 --- [           main] c.r.t.controller.TaskTypeControllerTest  : Started TaskTypeControllerTest in 3.425 seconds (process running for 14.422)
2025-01-11T19:15:32.632+01:00 DEBUG 8328 --- [           main] org.hibernate.SQL                        : 
    select
        tt1_0.id,
        tt1_0.type 
    from
        taskType tt1_0 
    where
        tt1_0.id=?
Hibernate: 
    select
        tt1_0.id,
        tt1_0.type 
    from
        taskType tt1_0 
    where
        tt1_0.id=?
2025-01-11T19:15:32.638+01:00 DEBUG 8328 --- [           main] org.hibernate.SQL                        : 
    /* insert for
        com.ris.todoapp.entity.TaskType */insert 
    into
        taskType (type) 
    values
        (?)
Hibernate: 
    /* insert for
        com.ris.todoapp.entity.TaskType */insert 
    into
        taskType (type) 
    values
        (?)
2025-01-11T19:15:32.680+01:00 DEBUG 8328 --- [           main] o.s.web.client.RestTemplate              : HTTP POST http://localhost:50536/task-types
2025-01-11T19:15:32.756+01:00 DEBUG 8328 --- [           main] o.s.web.client.RestTemplate              : Accept=[application/json, application/*+json]
2025-01-11T19:15:32.777+01:00 DEBUG 8328 --- [           main] o.s.web.client.RestTemplate              : Writing [com.ris.todoapp.entity.TaskType@53309bfd] with org.springframework.http.converter.json.MappingJackson2HttpMessageConverter
2025-01-11T19:15:32.994+01:00  INFO 8328 --- [o-auto-1-exec-1] o.a.c.c.C.[Tomcat].[localhost].[/]       : Initializing Spring DispatcherServlet 'dispatcherServlet'
2025-01-11T19:15:32.995+01:00  INFO 8328 --- [o-auto-1-exec-1] o.s.web.servlet.DispatcherServlet        : Initializing Servlet 'dispatcherServlet'
2025-01-11T19:15:32.995+01:00 DEBUG 8328 --- [o-auto-1-exec-1] o.s.web.servlet.DispatcherServlet        : Detected StandardServletMultipartResolver
2025-01-11T19:15:32.995+01:00 DEBUG 8328 --- [o-auto-1-exec-1] o.s.web.servlet.DispatcherServlet        : Detected AcceptHeaderLocaleResolver
2025-01-11T19:15:32.995+01:00 DEBUG 8328 --- [o-auto-1-exec-1] o.s.web.servlet.DispatcherServlet        : Detected FixedThemeResolver
2025-01-11T19:15:32.997+01:00 DEBUG 8328 --- [o-auto-1-exec-1] o.s.web.servlet.DispatcherServlet        : Detected org.springframework.web.servlet.view.DefaultRequestToViewNameTranslator@6de4e34a
2025-01-11T19:15:32.997+01:00 DEBUG 8328 --- [o-auto-1-exec-1] o.s.web.servlet.DispatcherServlet        : Detected org.springframework.web.servlet.support.SessionFlashMapManager@5c866852
2025-01-11T19:15:32.998+01:00 DEBUG 8328 --- [o-auto-1-exec-1] o.s.web.servlet.DispatcherServlet        : enableLoggingRequestDetails='false': request parameters and headers will be masked to prevent unsafe logging of potentially sensitive data
2025-01-11T19:15:32.998+01:00  INFO 8328 --- [o-auto-1-exec-1] o.s.web.servlet.DispatcherServlet        : Completed initialization in 3 ms
2025-01-11T19:15:33.013+01:00 DEBUG 8328 --- [o-auto-1-exec-1] o.s.web.servlet.DispatcherServlet        : POST "/task-types", parameters={}
2025-01-11T19:15:33.030+01:00 DEBUG 8328 --- [o-auto-1-exec-1] s.w.s.m.m.a.RequestMappingHandlerMapping : Mapped to com.ris.todoapp.controller.TaskTypeController#createTaskType(TaskType)
2025-01-11T19:15:33.092+01:00 DEBUG 8328 --- [o-auto-1-exec-1] m.m.a.RequestResponseBodyMethodProcessor : Read "application/json;charset=UTF-8" to [com.ris.todoapp.entity.TaskType@482003c8]
2025-01-11T19:15:33.109+01:00 DEBUG 8328 --- [o-auto-1-exec-1] org.hibernate.SQL                        : 
    /* insert for
        com.ris.todoapp.entity.TaskType */insert 
    into
        taskType (type) 
    values
        (?)
Hibernate: 
    /* insert for
        com.ris.todoapp.entity.TaskType */insert 
    into
        taskType (type) 
    values
        (?)
2025-01-11T19:15:33.129+01:00 DEBUG 8328 --- [o-auto-1-exec-1] m.m.a.RequestResponseBodyMethodProcessor : Using 'application/json', given [application/json, application/*+json] and supported [application/json, application/*+json]
2025-01-11T19:15:33.130+01:00 DEBUG 8328 --- [o-auto-1-exec-1] m.m.a.RequestResponseBodyMethodProcessor : Writing [com.ris.todoapp.entity.TaskType@482003c8]
2025-01-11T19:15:33.141+01:00 DEBUG 8328 --- [o-auto-1-exec-1] o.s.web.servlet.DispatcherServlet        : Completed 200 OK
2025-01-11T19:15:33.146+01:00 DEBUG 8328 --- [           main] o.s.web.client.RestTemplate              : Response 200 OK
2025-01-11T19:15:33.149+01:00 DEBUG 8328 --- [           main] o.s.web.client.RestTemplate              : Reading to [com.ris.todoapp.entity.TaskType]
2025-01-11T19:15:33.267+01:00 DEBUG 8328 --- [           main] org.hibernate.SQL                        : 
    select
        tt1_0.id,
        tt1_0.type 
    from
        taskType tt1_0 
    where
        tt1_0.id=?
Hibernate: 
    select
        tt1_0.id,
        tt1_0.type 
    from
        taskType tt1_0 
    where
        tt1_0.id=?
2025-01-11T19:15:33.276+01:00 DEBUG 8328 --- [           main] org.hibernate.SQL                        : 
    select
        tt1_0.id,
        tt1_0.type 
    from
        taskType tt1_0 
    where
        tt1_0.id=?
Hibernate: 
    select
        tt1_0.id,
        tt1_0.type 
    from
        taskType tt1_0 
    where
        tt1_0.id=?
2025-01-11T19:15:33.281+01:00 DEBUG 8328 --- [           main] org.hibernate.SQL                        : 
    /* delete for com.ris.todoapp.entity.TaskType */delete 
    from
        taskType 
    where
        id=?
Hibernate: 
    /* delete for com.ris.todoapp.entity.TaskType */delete 
    from
        taskType 
    where
        id=?
]]></system-out>
  </testcase>
  <testcase name="testDeleteTaskType" classname="com.ris.todoapp.controller.TaskTypeControllerTest" time="0.04">
    <system-out><![CDATA[2025-01-11T19:15:33.295+01:00 DEBUG 8328 --- [           main] org.hibernate.SQL                        : 
    select
        tt1_0.id,
        tt1_0.type 
    from
        taskType tt1_0 
    where
        tt1_0.id=?
Hibernate: 
    select
        tt1_0.id,
        tt1_0.type 
    from
        taskType tt1_0 
    where
        tt1_0.id=?
2025-01-11T19:15:33.297+01:00 DEBUG 8328 --- [           main] org.hibernate.SQL                        : 
    /* insert for
        com.ris.todoapp.entity.TaskType */insert 
    into
        taskType (type) 
    values
        (?)
Hibernate: 
    /* insert for
        com.ris.todoapp.entity.TaskType */insert 
    into
        taskType (type) 
    values
        (?)
2025-01-11T19:15:33.303+01:00 DEBUG 8328 --- [           main] o.s.web.client.RestTemplate              : HTTP DELETE http://localhost:50536/task-types/12
2025-01-11T19:15:33.306+01:00 DEBUG 8328 --- [o-auto-1-exec-2] o.s.web.servlet.DispatcherServlet        : DELETE "/task-types/12", parameters={}
2025-01-11T19:15:33.306+01:00 DEBUG 8328 --- [o-auto-1-exec-2] s.w.s.m.m.a.RequestMappingHandlerMapping : Mapped to com.ris.todoapp.controller.TaskTypeController#deleteTaskType(Long)
2025-01-11T19:15:33.310+01:00 DEBUG 8328 --- [o-auto-1-exec-2] org.hibernate.SQL                        : 
    select
        tt1_0.id,
        tt1_0.type 
    from
        taskType tt1_0 
    where
        tt1_0.id=?
Hibernate: 
    select
        tt1_0.id,
        tt1_0.type 
    from
        taskType tt1_0 
    where
        tt1_0.id=?
2025-01-11T19:15:33.313+01:00 DEBUG 8328 --- [o-auto-1-exec-2] org.hibernate.SQL                        : 
    /* delete for com.ris.todoapp.entity.TaskType */delete 
    from
        taskType 
    where
        id=?
Hibernate: 
    /* delete for com.ris.todoapp.entity.TaskType */delete 
    from
        taskType 
    where
        id=?
2025-01-11T19:15:33.319+01:00 DEBUG 8328 --- [o-auto-1-exec-2] m.m.a.RequestResponseBodyMethodProcessor : Using 'text/plain', given [*/*] and supported [text/plain, */*, application/json, application/*+json]
2025-01-11T19:15:33.319+01:00 DEBUG 8328 --- [o-auto-1-exec-2] m.m.a.RequestResponseBodyMethodProcessor : Writing ["Task type deleted successfully."]
2025-01-11T19:15:33.320+01:00 DEBUG 8328 --- [o-auto-1-exec-2] o.s.web.servlet.DispatcherServlet        : Completed 200 OK
2025-01-11T19:15:33.321+01:00 DEBUG 8328 --- [           main] o.s.web.client.RestTemplate              : Response 200 OK
2025-01-11T19:15:33.324+01:00 DEBUG 8328 --- [           main] org.hibernate.SQL                        : 
    select
        tt1_0.id,
        tt1_0.type 
    from
        taskType tt1_0 
    where
        tt1_0.id=?
Hibernate: 
    select
        tt1_0.id,
        tt1_0.type 
    from
        taskType tt1_0 
    where
        tt1_0.id=?
2025-01-11T19:15:33.328+01:00 DEBUG 8328 --- [           main] org.hibernate.SQL                        : 
    select
        tt1_0.id,
        tt1_0.type 
    from
        taskType tt1_0 
    where
        tt1_0.id=?
Hibernate: 
    select
        tt1_0.id,
        tt1_0.type 
    from
        taskType tt1_0 
    where
        tt1_0.id=?
]]></system-out>
  </testcase>
</testsuite>