<?xml version="1.0" encoding="UTF-8"?>
<testsuite xmlns:xsi="http://www.w3.org/2001/XMLSchema-instance" xsi:noNamespaceSchemaLocation="https://maven.apache.org/surefire/maven-surefire-plugin/xsd/surefire-test-report-3.0.xsd" version="3.0" name="com.ris.todoapp.controller.AdminControllerTest" time="0.275" tests="6" errors="0" skipped="0" failures="0">
  <properties>
[...]
</properties>
  <testcase name="testDeleteTaskAsAdmin" classname="com.ris.todoapp.controller.AdminControllerTest" time="0.168">
    <system-out><![CDATA[2024-12-15T13:54:40.197+01:00  INFO 5108 --- [           main] t.c.s.AnnotationConfigContextLoaderUtils : Could not detect default configuration classes for test class [com.ris.todoapp.controller.AdminControllerTest]: AdminControllerTest does not declare any static, non-private, non-final, nested classes annotated with @Configuration.
2024-12-15T13:54:40.200+01:00  INFO 5108 --- [           main] .b.t.c.SpringBootTestContextBootstrapper : Found @SpringBootConfiguration com.ris.todoapp.App for test class com.ris.todoapp.controller.AdminControllerTest
2024-12-15T13:54:40.207+01:00 DEBUG 5108 --- [           main] org.hibernate.SQL                        : 
    /* insert for
        com.ris.todoapp.entity.User */insert 
    into
        user (admin, email, name, password, surname) 
    values
        (?, ?, ?, ?, ?)
Hibernate: 
    /* insert for
        com.ris.todoapp.entity.User */insert 
    into
        user (admin, email, name, password, surname) 
    values
        (?, ?, ?, ?, ?)
2024-12-15T13:54:40.210+01:00 DEBUG 5108 --- [           main] org.hibernate.SQL                        : 
    /* insert for
        com.ris.todoapp.entity.User */insert 
    into
        user (admin, email, name, password, surname) 
    values
        (?, ?, ?, ?, ?)
Hibernate: 
    /* insert for
        com.ris.todoapp.entity.User */insert 
    into
        user (admin, email, name, password, surname) 
    values
        (?, ?, ?, ?, ?)
2024-12-15T13:54:40.212+01:00 DEBUG 5108 --- [           main] org.hibernate.SQL                        : 
    /* insert for
        com.ris.todoapp.entity.TaskType */insert 
    into
        taskType (type) 
    values
        (?)
Hibernate: 
    /* insert for
        com.ris.todoapp.entity.TaskType */insert 
    into
        taskType (type) 
    values
        (?)
2024-12-15T13:54:40.213+01:00 DEBUG 5108 --- [           main] org.hibernate.SQL                        : 
    /* insert for
        com.ris.todoapp.entity.Task */insert 
    into
        tasks (description, due_datetime, is_completed, latitude, location_address, longitude, picture, task_name, task_type_id, user_id) 
    values
        (?, ?, ?, ?, ?, ?, ?, ?, ?, ?)
Hibernate: 
    /* insert for
        com.ris.todoapp.entity.Task */insert 
    into
        tasks (description, due_datetime, is_completed, latitude, location_address, longitude, picture, task_name, task_type_id, user_id) 
    values
        (?, ?, ?, ?, ?, ?, ?, ?, ?, ?)
2024-12-15T13:54:40.216+01:00 DEBUG 5108 --- [           main] org.hibernate.SQL                        : 
    select
        u1_0.id,
        u1_0.admin,
        u1_0.email,
        u1_0.name,
        u1_0.password,
        u1_0.surname 
    from
        user u1_0 
    where
        u1_0.id=?
Hibernate: 
    select
        u1_0.id,
        u1_0.admin,
        u1_0.email,
        u1_0.name,
        u1_0.password,
        u1_0.surname 
    from
        user u1_0 
    where
        u1_0.id=?
2024-12-15T13:54:40.352+01:00 DEBUG 5108 --- [           main] org.hibernate.SQL                        : 
    /* select
        count(*) 
    from
        Task x 
    WHERE
        x.id = :id */ select
            count(*) 
        from
            tasks t1_0 
        where
            t1_0.id=?
Hibernate: 
    /* select
        count(*) 
    from
        Task x 
    WHERE
        x.id = :id */ select
            count(*) 
        from
            tasks t1_0 
        where
            t1_0.id=?
2024-12-15T13:54:40.354+01:00 DEBUG 5108 --- [           main] org.hibernate.SQL                        : 
    select
        t1_0.id,
        t1_0.description,
        t1_0.due_datetime,
        t1_0.is_completed,
        t1_0.latitude,
        t1_0.location_address,
        t1_0.longitude,
        t1_0.picture,
        t1_0.task_name,
        t1_0.task_type_id,
        tt1_0.id,
        tt1_0.type,
        t1_0.user_id,
        u1_0.id,
        u1_0.admin,
        u1_0.email,
        u1_0.name,
        u1_0.password,
        u1_0.surname 
    from
        tasks t1_0 
    join
        taskType tt1_0 
            on tt1_0.id=t1_0.task_type_id 
    join
        user u1_0 
            on u1_0.id=t1_0.user_id 
    where
        t1_0.id=?
Hibernate: 
    select
        t1_0.id,
        t1_0.description,
        t1_0.due_datetime,
        t1_0.is_completed,
        t1_0.latitude,
        t1_0.location_address,
        t1_0.longitude,
        t1_0.picture,
        t1_0.task_name,
        t1_0.task_type_id,
        tt1_0.id,
        tt1_0.type,
        t1_0.user_id,
        u1_0.id,
        u1_0.admin,
        u1_0.email,
        u1_0.name,
        u1_0.password,
        u1_0.surname 
    from
        tasks t1_0 
    join
        taskType tt1_0 
            on tt1_0.id=t1_0.task_type_id 
    join
        user u1_0 
            on u1_0.id=t1_0.user_id 
    where
        t1_0.id=?
2024-12-15T13:54:40.356+01:00 DEBUG 5108 --- [           main] org.hibernate.SQL                        : 
    /* delete for com.ris.todoapp.entity.Task */delete 
    from
        tasks 
    where
        id=?
Hibernate: 
    /* delete for com.ris.todoapp.entity.Task */delete 
    from
        tasks 
    where
        id=?
2024-12-15T13:54:40.358+01:00 DEBUG 5108 --- [           main] org.hibernate.SQL                        : 
    /* select
        count(*) 
    from
        Task x 
    WHERE
        x.id = :id */ select
            count(*) 
        from
            tasks t1_0 
        where
            t1_0.id=?
Hibernate: 
    /* select
        count(*) 
    from
        Task x 
    WHERE
        x.id = :id */ select
            count(*) 
        from
            tasks t1_0 
        where
            t1_0.id=?
2024-12-15T13:54:40.361+01:00 DEBUG 5108 --- [           main] org.hibernate.SQL                        : 
    /* <criteria> */ select
        t1_0.id,
        t1_0.description,
        t1_0.due_datetime,
        t1_0.is_completed,
        t1_0.latitude,
        t1_0.location_address,
        t1_0.longitude,
        t1_0.picture,
        t1_0.task_name,
        t1_0.task_type_id,
        t1_0.user_id 
    from
        tasks t1_0
Hibernate: 
    /* <criteria> */ select
        t1_0.id,
        t1_0.description,
        t1_0.due_datetime,
        t1_0.is_completed,
        t1_0.latitude,
        t1_0.location_address,
        t1_0.longitude,
        t1_0.picture,
        t1_0.task_name,
        t1_0.task_type_id,
        t1_0.user_id 
    from
        tasks t1_0
2024-12-15T13:54:40.363+01:00 DEBUG 5108 --- [           main] org.hibernate.SQL                        : 
    /* <criteria> */ select
        tt1_0.id,
        tt1_0.type 
    from
        taskType tt1_0
Hibernate: 
    /* <criteria> */ select
        tt1_0.id,
        tt1_0.type 
    from
        taskType tt1_0
2024-12-15T13:54:40.364+01:00 DEBUG 5108 --- [           main] org.hibernate.SQL                        : 
    /* delete for com.ris.todoapp.entity.TaskType */delete 
    from
        taskType 
    where
        id=?
Hibernate: 
    /* delete for com.ris.todoapp.entity.TaskType */delete 
    from
        taskType 
    where
        id=?
2024-12-15T13:54:40.364+01:00 DEBUG 5108 --- [           main] org.hibernate.SQL                        : 
    /* delete for com.ris.todoapp.entity.TaskType */delete 
    from
        taskType 
    where
        id=?
Hibernate: 
    /* delete for com.ris.todoapp.entity.TaskType */delete 
    from
        taskType 
    where
        id=?
2024-12-15T13:54:40.366+01:00 DEBUG 5108 --- [           main] org.hibernate.SQL                        : 
    /* <criteria> */ select
        u1_0.id,
        u1_0.admin,
        u1_0.email,
        u1_0.name,
        u1_0.password,
        u1_0.surname 
    from
        user u1_0
Hibernate: 
    /* <criteria> */ select
        u1_0.id,
        u1_0.admin,
        u1_0.email,
        u1_0.name,
        u1_0.password,
        u1_0.surname 
    from
        user u1_0
2024-12-15T13:54:40.367+01:00 DEBUG 5108 --- [           main] org.hibernate.SQL                        : 
    /* delete for com.ris.todoapp.entity.User */delete 
    from
        user 
    where
        id=?
Hibernate: 
    /* delete for com.ris.todoapp.entity.User */delete 
    from
        user 
    where
        id=?
2024-12-15T13:54:40.367+01:00 DEBUG 5108 --- [           main] org.hibernate.SQL                        : 
    /* delete for com.ris.todoapp.entity.User */delete 
    from
        user 
    where
        id=?
Hibernate: 
    /* delete for com.ris.todoapp.entity.User */delete 
    from
        user 
    where
        id=?
]]></system-out>
  </testcase>
  <testcase name="testDeleteTaskAsNonAdmin" classname="com.ris.todoapp.controller.AdminControllerTest" time="0.019">
    <system-out><![CDATA[2024-12-15T13:54:40.371+01:00 DEBUG 5108 --- [           main] org.hibernate.SQL                        : 
    /* insert for
        com.ris.todoapp.entity.User */insert 
    into
        user (admin, email, name, password, surname) 
    values
        (?, ?, ?, ?, ?)
Hibernate: 
    /* insert for
        com.ris.todoapp.entity.User */insert 
    into
        user (admin, email, name, password, surname) 
    values
        (?, ?, ?, ?, ?)
2024-12-15T13:54:40.373+01:00 DEBUG 5108 --- [           main] org.hibernate.SQL                        : 
    /* insert for
        com.ris.todoapp.entity.User */insert 
    into
        user (admin, email, name, password, surname) 
    values
        (?, ?, ?, ?, ?)
Hibernate: 
    /* insert for
        com.ris.todoapp.entity.User */insert 
    into
        user (admin, email, name, password, surname) 
    values
        (?, ?, ?, ?, ?)
2024-12-15T13:54:40.375+01:00 DEBUG 5108 --- [           main] org.hibernate.SQL                        : 
    /* insert for
        com.ris.todoapp.entity.TaskType */insert 
    into
        taskType (type) 
    values
        (?)
Hibernate: 
    /* insert for
        com.ris.todoapp.entity.TaskType */insert 
    into
        taskType (type) 
    values
        (?)
2024-12-15T13:54:40.376+01:00 DEBUG 5108 --- [           main] org.hibernate.SQL                        : 
    /* insert for
        com.ris.todoapp.entity.Task */insert 
    into
        tasks (description, due_datetime, is_completed, latitude, location_address, longitude, picture, task_name, task_type_id, user_id) 
    values
        (?, ?, ?, ?, ?, ?, ?, ?, ?, ?)
Hibernate: 
    /* insert for
        com.ris.todoapp.entity.Task */insert 
    into
        tasks (description, due_datetime, is_completed, latitude, location_address, longitude, picture, task_name, task_type_id, user_id) 
    values
        (?, ?, ?, ?, ?, ?, ?, ?, ?, ?)
2024-12-15T13:54:40.379+01:00 DEBUG 5108 --- [           main] org.hibernate.SQL                        : 
    select
        u1_0.id,
        u1_0.admin,
        u1_0.email,
        u1_0.name,
        u1_0.password,
        u1_0.surname 
    from
        user u1_0 
    where
        u1_0.id=?
Hibernate: 
    select
        u1_0.id,
        u1_0.admin,
        u1_0.email,
        u1_0.name,
        u1_0.password,
        u1_0.surname 
    from
        user u1_0 
    where
        u1_0.id=?
2024-12-15T13:54:40.380+01:00 DEBUG 5108 --- [           main] org.hibernate.SQL                        : 
    /* <criteria> */ select
        t1_0.id,
        t1_0.description,
        t1_0.due_datetime,
        t1_0.is_completed,
        t1_0.latitude,
        t1_0.location_address,
        t1_0.longitude,
        t1_0.picture,
        t1_0.task_name,
        t1_0.task_type_id,
        t1_0.user_id 
    from
        tasks t1_0
Hibernate: 
    /* <criteria> */ select
        t1_0.id,
        t1_0.description,
        t1_0.due_datetime,
        t1_0.is_completed,
        t1_0.latitude,
        t1_0.location_address,
        t1_0.longitude,
        t1_0.picture,
        t1_0.task_name,
        t1_0.task_type_id,
        t1_0.user_id 
    from
        tasks t1_0
2024-12-15T13:54:40.381+01:00 DEBUG 5108 --- [           main] org.hibernate.SQL                        : 
    select
        tt1_0.id,
        tt1_0.type 
    from
        taskType tt1_0 
    where
        tt1_0.id=?
Hibernate: 
    select
        tt1_0.id,
        tt1_0.type 
    from
        taskType tt1_0 
    where
        tt1_0.id=?
2024-12-15T13:54:40.382+01:00 DEBUG 5108 --- [           main] org.hibernate.SQL                        : 
    select
        u1_0.id,
        u1_0.admin,
        u1_0.email,
        u1_0.name,
        u1_0.password,
        u1_0.surname 
    from
        user u1_0 
    where
        u1_0.id=?
Hibernate: 
    select
        u1_0.id,
        u1_0.admin,
        u1_0.email,
        u1_0.name,
        u1_0.password,
        u1_0.surname 
    from
        user u1_0 
    where
        u1_0.id=?
2024-12-15T13:54:40.382+01:00 DEBUG 5108 --- [           main] org.hibernate.SQL                        : 
    /* delete for com.ris.todoapp.entity.Task */delete 
    from
        tasks 
    where
        id=?
Hibernate: 
    /* delete for com.ris.todoapp.entity.Task */delete 
    from
        tasks 
    where
        id=?
2024-12-15T13:54:40.384+01:00 DEBUG 5108 --- [           main] org.hibernate.SQL                        : 
    /* <criteria> */ select
        tt1_0.id,
        tt1_0.type 
    from
        taskType tt1_0
Hibernate: 
    /* <criteria> */ select
        tt1_0.id,
        tt1_0.type 
    from
        taskType tt1_0
2024-12-15T13:54:40.384+01:00 DEBUG 5108 --- [           main] org.hibernate.SQL                        : 
    /* delete for com.ris.todoapp.entity.TaskType */delete 
    from
        taskType 
    where
        id=?
Hibernate: 
    /* delete for com.ris.todoapp.entity.TaskType */delete 
    from
        taskType 
    where
        id=?
2024-12-15T13:54:40.386+01:00 DEBUG 5108 --- [           main] org.hibernate.SQL                        : 
    /* <criteria> */ select
        u1_0.id,
        u1_0.admin,
        u1_0.email,
        u1_0.name,
        u1_0.password,
        u1_0.surname 
    from
        user u1_0
Hibernate: 
    /* <criteria> */ select
        u1_0.id,
        u1_0.admin,
        u1_0.email,
        u1_0.name,
        u1_0.password,
        u1_0.surname 
    from
        user u1_0
2024-12-15T13:54:40.386+01:00 DEBUG 5108 --- [           main] org.hibernate.SQL                        : 
    /* delete for com.ris.todoapp.entity.User */delete 
    from
        user 
    where
        id=?
Hibernate: 
    /* delete for com.ris.todoapp.entity.User */delete 
    from
        user 
    where
        id=?
2024-12-15T13:54:40.387+01:00 DEBUG 5108 --- [           main] org.hibernate.SQL                        : 
    /* delete for com.ris.todoapp.entity.User */delete 
    from
        user 
    where
        id=?
Hibernate: 
    /* delete for com.ris.todoapp.entity.User */delete 
    from
        user 
    where
        id=?
]]></system-out>
  </testcase>
  <testcase name="testDeleteUserAsNonAdmin" classname="com.ris.todoapp.controller.AdminControllerTest" time="0.02">
    <system-out><![CDATA[2024-12-15T13:54:40.390+01:00 DEBUG 5108 --- [           main] org.hibernate.SQL                        : 
    /* insert for
        com.ris.todoapp.entity.User */insert 
    into
        user (admin, email, name, password, surname) 
    values
        (?, ?, ?, ?, ?)
Hibernate: 
    /* insert for
        com.ris.todoapp.entity.User */insert 
    into
        user (admin, email, name, password, surname) 
    values
        (?, ?, ?, ?, ?)
2024-12-15T13:54:40.392+01:00 DEBUG 5108 --- [           main] org.hibernate.SQL                        : 
    /* insert for
        com.ris.todoapp.entity.User */insert 
    into
        user (admin, email, name, password, surname) 
    values
        (?, ?, ?, ?, ?)
Hibernate: 
    /* insert for
        com.ris.todoapp.entity.User */insert 
    into
        user (admin, email, name, password, surname) 
    values
        (?, ?, ?, ?, ?)
2024-12-15T13:54:40.393+01:00 DEBUG 5108 --- [           main] org.hibernate.SQL                        : 
    /* insert for
        com.ris.todoapp.entity.TaskType */insert 
    into
        taskType (type) 
    values
        (?)
Hibernate: 
    /* insert for
        com.ris.todoapp.entity.TaskType */insert 
    into
        taskType (type) 
    values
        (?)
2024-12-15T13:54:40.394+01:00 DEBUG 5108 --- [           main] org.hibernate.SQL                        : 
    /* insert for
        com.ris.todoapp.entity.Task */insert 
    into
        tasks (description, due_datetime, is_completed, latitude, location_address, longitude, picture, task_name, task_type_id, user_id) 
    values
        (?, ?, ?, ?, ?, ?, ?, ?, ?, ?)
Hibernate: 
    /* insert for
        com.ris.todoapp.entity.Task */insert 
    into
        tasks (description, due_datetime, is_completed, latitude, location_address, longitude, picture, task_name, task_type_id, user_id) 
    values
        (?, ?, ?, ?, ?, ?, ?, ?, ?, ?)
2024-12-15T13:54:40.396+01:00 DEBUG 5108 --- [           main] org.hibernate.SQL                        : 
    select
        u1_0.id,
        u1_0.admin,
        u1_0.email,
        u1_0.name,
        u1_0.password,
        u1_0.surname 
    from
        user u1_0 
    where
        u1_0.id=?
Hibernate: 
    select
        u1_0.id,
        u1_0.admin,
        u1_0.email,
        u1_0.name,
        u1_0.password,
        u1_0.surname 
    from
        user u1_0 
    where
        u1_0.id=?
2024-12-15T13:54:40.400+01:00 DEBUG 5108 --- [           main] org.hibernate.SQL                        : 
    /* <criteria> */ select
        t1_0.id,
        t1_0.description,
        t1_0.due_datetime,
        t1_0.is_completed,
        t1_0.latitude,
        t1_0.location_address,
        t1_0.longitude,
        t1_0.picture,
        t1_0.task_name,
        t1_0.task_type_id,
        t1_0.user_id 
    from
        tasks t1_0
Hibernate: 
    /* <criteria> */ select
        t1_0.id,
        t1_0.description,
        t1_0.due_datetime,
        t1_0.is_completed,
        t1_0.latitude,
        t1_0.location_address,
        t1_0.longitude,
        t1_0.picture,
        t1_0.task_name,
        t1_0.task_type_id,
        t1_0.user_id 
    from
        tasks t1_0
2024-12-15T13:54:40.401+01:00 DEBUG 5108 --- [           main] org.hibernate.SQL                        : 
    select
        tt1_0.id,
        tt1_0.type 
    from
        taskType tt1_0 
    where
        tt1_0.id=?
Hibernate: 
    select
        tt1_0.id,
        tt1_0.type 
    from
        taskType tt1_0 
    where
        tt1_0.id=?
2024-12-15T13:54:40.401+01:00 DEBUG 5108 --- [           main] org.hibernate.SQL                        : 
    select
        u1_0.id,
        u1_0.admin,
        u1_0.email,
        u1_0.name,
        u1_0.password,
        u1_0.surname 
    from
        user u1_0 
    where
        u1_0.id=?
Hibernate: 
    select
        u1_0.id,
        u1_0.admin,
        u1_0.email,
        u1_0.name,
        u1_0.password,
        u1_0.surname 
    from
        user u1_0 
    where
        u1_0.id=?
2024-12-15T13:54:40.402+01:00 DEBUG 5108 --- [           main] org.hibernate.SQL                        : 
    /* delete for com.ris.todoapp.entity.Task */delete 
    from
        tasks 
    where
        id=?
Hibernate: 
    /* delete for com.ris.todoapp.entity.Task */delete 
    from
        tasks 
    where
        id=?
2024-12-15T13:54:40.404+01:00 DEBUG 5108 --- [           main] org.hibernate.SQL                        : 
    /* <criteria> */ select
        tt1_0.id,
        tt1_0.type 
    from
        taskType tt1_0
Hibernate: 
    /* <criteria> */ select
        tt1_0.id,
        tt1_0.type 
    from
        taskType tt1_0
2024-12-15T13:54:40.405+01:00 DEBUG 5108 --- [           main] org.hibernate.SQL                        : 
    /* delete for com.ris.todoapp.entity.TaskType */delete 
    from
        taskType 
    where
        id=?
Hibernate: 
    /* delete for com.ris.todoapp.entity.TaskType */delete 
    from
        taskType 
    where
        id=?
2024-12-15T13:54:40.407+01:00 DEBUG 5108 --- [           main] org.hibernate.SQL                        : 
    /* <criteria> */ select
        u1_0.id,
        u1_0.admin,
        u1_0.email,
        u1_0.name,
        u1_0.password,
        u1_0.surname 
    from
        user u1_0
Hibernate: 
    /* <criteria> */ select
        u1_0.id,
        u1_0.admin,
        u1_0.email,
        u1_0.name,
        u1_0.password,
        u1_0.surname 
    from
        user u1_0
2024-12-15T13:54:40.407+01:00 DEBUG 5108 --- [           main] org.hibernate.SQL                        : 
    /* delete for com.ris.todoapp.entity.User */delete 
    from
        user 
    where
        id=?
Hibernate: 
    /* delete for com.ris.todoapp.entity.User */delete 
    from
        user 
    where
        id=?
2024-12-15T13:54:40.408+01:00 DEBUG 5108 --- [           main] org.hibernate.SQL                        : 
    /* delete for com.ris.todoapp.entity.User */delete 
    from
        user 
    where
        id=?
Hibernate: 
    /* delete for com.ris.todoapp.entity.User */delete 
    from
        user 
    where
        id=?
]]></system-out>
  </testcase>
  <testcase name="testGetAllUsersAsAdmin" classname="com.ris.todoapp.controller.AdminControllerTest" time="0.019">
    <system-out><![CDATA[2024-12-15T13:54:40.411+01:00 DEBUG 5108 --- [           main] org.hibernate.SQL                        : 
    /* insert for
        com.ris.todoapp.entity.User */insert 
    into
        user (admin, email, name, password, surname) 
    values
        (?, ?, ?, ?, ?)
Hibernate: 
    /* insert for
        com.ris.todoapp.entity.User */insert 
    into
        user (admin, email, name, password, surname) 
    values
        (?, ?, ?, ?, ?)
2024-12-15T13:54:40.413+01:00 DEBUG 5108 --- [           main] org.hibernate.SQL                        : 
    /* insert for
        com.ris.todoapp.entity.User */insert 
    into
        user (admin, email, name, password, surname) 
    values
        (?, ?, ?, ?, ?)
Hibernate: 
    /* insert for
        com.ris.todoapp.entity.User */insert 
    into
        user (admin, email, name, password, surname) 
    values
        (?, ?, ?, ?, ?)
2024-12-15T13:54:40.414+01:00 DEBUG 5108 --- [           main] org.hibernate.SQL                        : 
    /* insert for
        com.ris.todoapp.entity.TaskType */insert 
    into
        taskType (type) 
    values
        (?)
Hibernate: 
    /* insert for
        com.ris.todoapp.entity.TaskType */insert 
    into
        taskType (type) 
    values
        (?)
2024-12-15T13:54:40.415+01:00 DEBUG 5108 --- [           main] org.hibernate.SQL                        : 
    /* insert for
        com.ris.todoapp.entity.Task */insert 
    into
        tasks (description, due_datetime, is_completed, latitude, location_address, longitude, picture, task_name, task_type_id, user_id) 
    values
        (?, ?, ?, ?, ?, ?, ?, ?, ?, ?)
Hibernate: 
    /* insert for
        com.ris.todoapp.entity.Task */insert 
    into
        tasks (description, due_datetime, is_completed, latitude, location_address, longitude, picture, task_name, task_type_id, user_id) 
    values
        (?, ?, ?, ?, ?, ?, ?, ?, ?, ?)
2024-12-15T13:54:40.418+01:00 DEBUG 5108 --- [           main] org.hibernate.SQL                        : 
    select
        u1_0.id,
        u1_0.admin,
        u1_0.email,
        u1_0.name,
        u1_0.password,
        u1_0.surname 
    from
        user u1_0 
    where
        u1_0.id=?
Hibernate: 
    select
        u1_0.id,
        u1_0.admin,
        u1_0.email,
        u1_0.name,
        u1_0.password,
        u1_0.surname 
    from
        user u1_0 
    where
        u1_0.id=?
2024-12-15T13:54:40.421+01:00 DEBUG 5108 --- [           main] org.hibernate.SQL                        : 
    /* <criteria> */ select
        u1_0.id,
        u1_0.admin,
        u1_0.email,
        u1_0.name,
        u1_0.password,
        u1_0.surname 
    from
        user u1_0
Hibernate: 
    /* <criteria> */ select
        u1_0.id,
        u1_0.admin,
        u1_0.email,
        u1_0.name,
        u1_0.password,
        u1_0.surname 
    from
        user u1_0
2024-12-15T13:54:40.422+01:00 DEBUG 5108 --- [           main] org.hibernate.SQL                        : 
    /* <criteria> */ select
        t1_0.id,
        t1_0.description,
        t1_0.due_datetime,
        t1_0.is_completed,
        t1_0.latitude,
        t1_0.location_address,
        t1_0.longitude,
        t1_0.picture,
        t1_0.task_name,
        t1_0.task_type_id,
        t1_0.user_id 
    from
        tasks t1_0
Hibernate: 
    /* <criteria> */ select
        t1_0.id,
        t1_0.description,
        t1_0.due_datetime,
        t1_0.is_completed,
        t1_0.latitude,
        t1_0.location_address,
        t1_0.longitude,
        t1_0.picture,
        t1_0.task_name,
        t1_0.task_type_id,
        t1_0.user_id 
    from
        tasks t1_0
2024-12-15T13:54:40.423+01:00 DEBUG 5108 --- [           main] org.hibernate.SQL                        : 
    select
        tt1_0.id,
        tt1_0.type 
    from
        taskType tt1_0 
    where
        tt1_0.id=?
Hibernate: 
    select
        tt1_0.id,
        tt1_0.type 
    from
        taskType tt1_0 
    where
        tt1_0.id=?
2024-12-15T13:54:40.423+01:00 DEBUG 5108 --- [           main] org.hibernate.SQL                        : 
    select
        u1_0.id,
        u1_0.admin,
        u1_0.email,
        u1_0.name,
        u1_0.password,
        u1_0.surname 
    from
        user u1_0 
    where
        u1_0.id=?
Hibernate: 
    select
        u1_0.id,
        u1_0.admin,
        u1_0.email,
        u1_0.name,
        u1_0.password,
        u1_0.surname 
    from
        user u1_0 
    where
        u1_0.id=?
2024-12-15T13:54:40.424+01:00 DEBUG 5108 --- [           main] org.hibernate.SQL                        : 
    /* delete for com.ris.todoapp.entity.Task */delete 
    from
        tasks 
    where
        id=?
Hibernate: 
    /* delete for com.ris.todoapp.entity.Task */delete 
    from
        tasks 
    where
        id=?
2024-12-15T13:54:40.425+01:00 DEBUG 5108 --- [           main] org.hibernate.SQL                        : 
    /* <criteria> */ select
        tt1_0.id,
        tt1_0.type 
    from
        taskType tt1_0
Hibernate: 
    /* <criteria> */ select
        tt1_0.id,
        tt1_0.type 
    from
        taskType tt1_0
2024-12-15T13:54:40.425+01:00 DEBUG 5108 --- [           main] org.hibernate.SQL                        : 
    /* delete for com.ris.todoapp.entity.TaskType */delete 
    from
        taskType 
    where
        id=?
Hibernate: 
    /* delete for com.ris.todoapp.entity.TaskType */delete 
    from
        taskType 
    where
        id=?
2024-12-15T13:54:40.426+01:00 DEBUG 5108 --- [           main] org.hibernate.SQL                        : 
    /* <criteria> */ select
        u1_0.id,
        u1_0.admin,
        u1_0.email,
        u1_0.name,
        u1_0.password,
        u1_0.surname 
    from
        user u1_0
Hibernate: 
    /* <criteria> */ select
        u1_0.id,
        u1_0.admin,
        u1_0.email,
        u1_0.name,
        u1_0.password,
        u1_0.surname 
    from
        user u1_0
2024-12-15T13:54:40.427+01:00 DEBUG 5108 --- [           main] org.hibernate.SQL                        : 
    /* delete for com.ris.todoapp.entity.User */delete 
    from
        user 
    where
        id=?
Hibernate: 
    /* delete for com.ris.todoapp.entity.User */delete 
    from
        user 
    where
        id=?
2024-12-15T13:54:40.427+01:00 DEBUG 5108 --- [           main] org.hibernate.SQL                        : 
    /* delete for com.ris.todoapp.entity.User */delete 
    from
        user 
    where
        id=?
Hibernate: 
    /* delete for com.ris.todoapp.entity.User */delete 
    from
        user 
    where
        id=?
]]></system-out>
  </testcase>
  <testcase name="testDeleteUserAsAdmin" classname="com.ris.todoapp.controller.AdminControllerTest" time="0.025">
    <system-out><![CDATA[2024-12-15T13:54:40.430+01:00 DEBUG 5108 --- [           main] org.hibernate.SQL                        : 
    /* insert for
        com.ris.todoapp.entity.User */insert 
    into
        user (admin, email, name, password, surname) 
    values
        (?, ?, ?, ?, ?)
Hibernate: 
    /* insert for
        com.ris.todoapp.entity.User */insert 
    into
        user (admin, email, name, password, surname) 
    values
        (?, ?, ?, ?, ?)
2024-12-15T13:54:40.432+01:00 DEBUG 5108 --- [           main] org.hibernate.SQL                        : 
    /* insert for
        com.ris.todoapp.entity.User */insert 
    into
        user (admin, email, name, password, surname) 
    values
        (?, ?, ?, ?, ?)
Hibernate: 
    /* insert for
        com.ris.todoapp.entity.User */insert 
    into
        user (admin, email, name, password, surname) 
    values
        (?, ?, ?, ?, ?)
2024-12-15T13:54:40.433+01:00 DEBUG 5108 --- [           main] org.hibernate.SQL                        : 
    /* insert for
        com.ris.todoapp.entity.TaskType */insert 
    into
        taskType (type) 
    values
        (?)
Hibernate: 
    /* insert for
        com.ris.todoapp.entity.TaskType */insert 
    into
        taskType (type) 
    values
        (?)
2024-12-15T13:54:40.434+01:00 DEBUG 5108 --- [           main] org.hibernate.SQL                        : 
    /* insert for
        com.ris.todoapp.entity.Task */insert 
    into
        tasks (description, due_datetime, is_completed, latitude, location_address, longitude, picture, task_name, task_type_id, user_id) 
    values
        (?, ?, ?, ?, ?, ?, ?, ?, ?, ?)
Hibernate: 
    /* insert for
        com.ris.todoapp.entity.Task */insert 
    into
        tasks (description, due_datetime, is_completed, latitude, location_address, longitude, picture, task_name, task_type_id, user_id) 
    values
        (?, ?, ?, ?, ?, ?, ?, ?, ?, ?)
2024-12-15T13:54:40.436+01:00 DEBUG 5108 --- [           main] org.hibernate.SQL                        : 
    select
        u1_0.id,
        u1_0.admin,
        u1_0.email,
        u1_0.name,
        u1_0.password,
        u1_0.surname 
    from
        user u1_0 
    where
        u1_0.id=?
Hibernate: 
    select
        u1_0.id,
        u1_0.admin,
        u1_0.email,
        u1_0.name,
        u1_0.password,
        u1_0.surname 
    from
        user u1_0 
    where
        u1_0.id=?
2024-12-15T13:54:40.439+01:00 DEBUG 5108 --- [           main] org.hibernate.SQL                        : 
    /* select
        count(*) 
    from
        User x 
    WHERE
        x.id = :id */ select
            count(*) 
        from
            user u1_0 
        where
            u1_0.id=?
Hibernate: 
    /* select
        count(*) 
    from
        User x 
    WHERE
        x.id = :id */ select
            count(*) 
        from
            user u1_0 
        where
            u1_0.id=?
2024-12-15T13:54:40.441+01:00 DEBUG 5108 --- [           main] org.hibernate.SQL                        : 
    select
        u1_0.id,
        u1_0.admin,
        u1_0.email,
        u1_0.name,
        u1_0.password,
        u1_0.surname 
    from
        user u1_0 
    where
        u1_0.id=?
Hibernate: 
    select
        u1_0.id,
        u1_0.admin,
        u1_0.email,
        u1_0.name,
        u1_0.password,
        u1_0.surname 
    from
        user u1_0 
    where
        u1_0.id=?
2024-12-15T13:54:40.441+01:00 DEBUG 5108 --- [           main] org.hibernate.SQL                        : 
    /* delete for com.ris.todoapp.entity.User */delete 
    from
        user 
    where
        id=?
Hibernate: 
    /* delete for com.ris.todoapp.entity.User */delete 
    from
        user 
    where
        id=?
2024-12-15T13:54:40.443+01:00 DEBUG 5108 --- [           main] org.hibernate.SQL                        : 
    /* select
        count(*) 
    from
        User x 
    WHERE
        x.id = :id */ select
            count(*) 
        from
            user u1_0 
        where
            u1_0.id=?
Hibernate: 
    /* select
        count(*) 
    from
        User x 
    WHERE
        x.id = :id */ select
            count(*) 
        from
            user u1_0 
        where
            u1_0.id=?
2024-12-15T13:54:40.448+01:00 DEBUG 5108 --- [           main] org.hibernate.SQL                        : 
    /* <criteria> */ select
        t1_0.id,
        t1_0.description,
        t1_0.due_datetime,
        t1_0.is_completed,
        t1_0.latitude,
        t1_0.location_address,
        t1_0.longitude,
        t1_0.picture,
        t1_0.task_name,
        t1_0.task_type_id,
        t1_0.user_id 
    from
        tasks t1_0
Hibernate: 
    /* <criteria> */ select
        t1_0.id,
        t1_0.description,
        t1_0.due_datetime,
        t1_0.is_completed,
        t1_0.latitude,
        t1_0.location_address,
        t1_0.longitude,
        t1_0.picture,
        t1_0.task_name,
        t1_0.task_type_id,
        t1_0.user_id 
    from
        tasks t1_0
2024-12-15T13:54:40.449+01:00 DEBUG 5108 --- [           main] org.hibernate.SQL                        : 
    /* <criteria> */ select
        tt1_0.id,
        tt1_0.type 
    from
        taskType tt1_0
Hibernate: 
    /* <criteria> */ select
        tt1_0.id,
        tt1_0.type 
    from
        taskType tt1_0
2024-12-15T13:54:40.450+01:00 DEBUG 5108 --- [           main] org.hibernate.SQL                        : 
    /* delete for com.ris.todoapp.entity.TaskType */delete 
    from
        taskType 
    where
        id=?
Hibernate: 
    /* delete for com.ris.todoapp.entity.TaskType */delete 
    from
        taskType 
    where
        id=?
2024-12-15T13:54:40.451+01:00 DEBUG 5108 --- [           main] org.hibernate.SQL                        : 
    /* <criteria> */ select
        u1_0.id,
        u1_0.admin,
        u1_0.email,
        u1_0.name,
        u1_0.password,
        u1_0.surname 
    from
        user u1_0
Hibernate: 
    /* <criteria> */ select
        u1_0.id,
        u1_0.admin,
        u1_0.email,
        u1_0.name,
        u1_0.password,
        u1_0.surname 
    from
        user u1_0
2024-12-15T13:54:40.452+01:00 DEBUG 5108 --- [           main] org.hibernate.SQL                        : 
    /* delete for com.ris.todoapp.entity.User */delete 
    from
        user 
    where
        id=?
Hibernate: 
    /* delete for com.ris.todoapp.entity.User */delete 
    from
        user 
    where
        id=?
]]></system-out>
  </testcase>
  <testcase name="testGetAllUsersAsNonAdmin" classname="com.ris.todoapp.controller.AdminControllerTest" time="0.016">
    <system-out><![CDATA[2024-12-15T13:54:40.455+01:00 DEBUG 5108 --- [           main] org.hibernate.SQL                        : 
    /* insert for
        com.ris.todoapp.entity.User */insert 
    into
        user (admin, email, name, password, surname) 
    values
        (?, ?, ?, ?, ?)
Hibernate: 
    /* insert for
        com.ris.todoapp.entity.User */insert 
    into
        user (admin, email, name, password, surname) 
    values
        (?, ?, ?, ?, ?)
2024-12-15T13:54:40.457+01:00 DEBUG 5108 --- [           main] org.hibernate.SQL                        : 
    /* insert for
        com.ris.todoapp.entity.User */insert 
    into
        user (admin, email, name, password, surname) 
    values
        (?, ?, ?, ?, ?)
Hibernate: 
    /* insert for
        com.ris.todoapp.entity.User */insert 
    into
        user (admin, email, name, password, surname) 
    values
        (?, ?, ?, ?, ?)
2024-12-15T13:54:40.458+01:00 DEBUG 5108 --- [           main] org.hibernate.SQL                        : 
    /* insert for
        com.ris.todoapp.entity.TaskType */insert 
    into
        taskType (type) 
    values
        (?)
Hibernate: 
    /* insert for
        com.ris.todoapp.entity.TaskType */insert 
    into
        taskType (type) 
    values
        (?)
2024-12-15T13:54:40.459+01:00 DEBUG 5108 --- [           main] org.hibernate.SQL                        : 
    /* insert for
        com.ris.todoapp.entity.Task */insert 
    into
        tasks (description, due_datetime, is_completed, latitude, location_address, longitude, picture, task_name, task_type_id, user_id) 
    values
        (?, ?, ?, ?, ?, ?, ?, ?, ?, ?)
Hibernate: 
    /* insert for
        com.ris.todoapp.entity.Task */insert 
    into
        tasks (description, due_datetime, is_completed, latitude, location_address, longitude, picture, task_name, task_type_id, user_id) 
    values
        (?, ?, ?, ?, ?, ?, ?, ?, ?, ?)
2024-12-15T13:54:40.461+01:00 DEBUG 5108 --- [           main] org.hibernate.SQL                        : 
    select
        u1_0.id,
        u1_0.admin,
        u1_0.email,
        u1_0.name,
        u1_0.password,
        u1_0.surname 
    from
        user u1_0 
    where
        u1_0.id=?
Hibernate: 
    select
        u1_0.id,
        u1_0.admin,
        u1_0.email,
        u1_0.name,
        u1_0.password,
        u1_0.surname 
    from
        user u1_0 
    where
        u1_0.id=?
2024-12-15T13:54:40.462+01:00 DEBUG 5108 --- [           main] org.hibernate.SQL                        : 
    /* <criteria> */ select
        t1_0.id,
        t1_0.description,
        t1_0.due_datetime,
        t1_0.is_completed,
        t1_0.latitude,
        t1_0.location_address,
        t1_0.longitude,
        t1_0.picture,
        t1_0.task_name,
        t1_0.task_type_id,
        t1_0.user_id 
    from
        tasks t1_0
Hibernate: 
    /* <criteria> */ select
        t1_0.id,
        t1_0.description,
        t1_0.due_datetime,
        t1_0.is_completed,
        t1_0.latitude,
        t1_0.location_address,
        t1_0.longitude,
        t1_0.picture,
        t1_0.task_name,
        t1_0.task_type_id,
        t1_0.user_id 
    from
        tasks t1_0
2024-12-15T13:54:40.463+01:00 DEBUG 5108 --- [           main] org.hibernate.SQL                        : 
    select
        tt1_0.id,
        tt1_0.type 
    from
        taskType tt1_0 
    where
        tt1_0.id=?
Hibernate: 
    select
        tt1_0.id,
        tt1_0.type 
    from
        taskType tt1_0 
    where
        tt1_0.id=?
2024-12-15T13:54:40.463+01:00 DEBUG 5108 --- [           main] org.hibernate.SQL                        : 
    select
        u1_0.id,
        u1_0.admin,
        u1_0.email,
        u1_0.name,
        u1_0.password,
        u1_0.surname 
    from
        user u1_0 
    where
        u1_0.id=?
Hibernate: 
    select
        u1_0.id,
        u1_0.admin,
        u1_0.email,
        u1_0.name,
        u1_0.password,
        u1_0.surname 
    from
        user u1_0 
    where
        u1_0.id=?
2024-12-15T13:54:40.464+01:00 DEBUG 5108 --- [           main] org.hibernate.SQL                        : 
    /* delete for com.ris.todoapp.entity.Task */delete 
    from
        tasks 
    where
        id=?
Hibernate: 
    /* delete for com.ris.todoapp.entity.Task */delete 
    from
        tasks 
    where
        id=?
2024-12-15T13:54:40.466+01:00 DEBUG 5108 --- [           main] org.hibernate.SQL                        : 
    /* <criteria> */ select
        tt1_0.id,
        tt1_0.type 
    from
        taskType tt1_0
Hibernate: 
    /* <criteria> */ select
        tt1_0.id,
        tt1_0.type 
    from
        taskType tt1_0
2024-12-15T13:54:40.466+01:00 DEBUG 5108 --- [           main] org.hibernate.SQL                        : 
    /* delete for com.ris.todoapp.entity.TaskType */delete 
    from
        taskType 
    where
        id=?
Hibernate: 
    /* delete for com.ris.todoapp.entity.TaskType */delete 
    from
        taskType 
    where
        id=?
2024-12-15T13:54:40.467+01:00 DEBUG 5108 --- [           main] org.hibernate.SQL                        : 
    /* <criteria> */ select
        u1_0.id,
        u1_0.admin,
        u1_0.email,
        u1_0.name,
        u1_0.password,
        u1_0.surname 
    from
        user u1_0
Hibernate: 
    /* <criteria> */ select
        u1_0.id,
        u1_0.admin,
        u1_0.email,
        u1_0.name,
        u1_0.password,
        u1_0.surname 
    from
        user u1_0
2024-12-15T13:54:40.468+01:00 DEBUG 5108 --- [           main] org.hibernate.SQL                        : 
    /* delete for com.ris.todoapp.entity.User */delete 
    from
        user 
    where
        id=?
Hibernate: 
    /* delete for com.ris.todoapp.entity.User */delete 
    from
        user 
    where
        id=?
2024-12-15T13:54:40.468+01:00 DEBUG 5108 --- [           main] org.hibernate.SQL                        : 
    /* delete for com.ris.todoapp.entity.User */delete 
    from
        user 
    where
        id=?
Hibernate: 
    /* delete for com.ris.todoapp.entity.User */delete 
    from
        user 
    where
        id=?
]]></system-out>
  </testcase>
</testsuite>