<?xml version="1.0" encoding="UTF-8"?>
<testsuite xmlns:xsi="http://www.w3.org/2001/XMLSchema-instance" xsi:noNamespaceSchemaLocation="https://maven.apache.org/surefire/maven-surefire-plugin/xsd/surefire-test-report-3.0.xsd" version="3.0" name="com.ris.todoapp.controller.AdminControllerTest" time="9.208" tests="6" errors="0" skipped="0" failures="0">
  <properties>
[...]
</properties>
  <testcase name="testDeleteTaskAsAdmin" classname="com.ris.todoapp.controller.AdminControllerTest" time="1.589">
    <system-out><![CDATA[19:15:19.307 [main] INFO org.springframework.test.context.support.AnnotationConfigContextLoaderUtils -- Could not detect default configuration classes for test class [com.ris.todoapp.controller.AdminControllerTest]: AdminControllerTest does not declare any static, non-private, non-final, nested classes annotated with @Configuration.
19:15:19.482 [main] INFO org.springframework.boot.test.context.SpringBootTestContextBootstrapper -- Found @SpringBootConfiguration com.ris.todoapp.App for test class com.ris.todoapp.controller.AdminControllerTest

  .   ____          _            __ _ _
 /\\ / ___'_ __ _ _(_)_ __  __ _ \ \ \ \
( ( )\___ | '_ | '_| | '_ \/ _` | \ \ \ \
 \\/  ___)| |_)| | | | | || (_| |  ) ) ) )
  '  |____| .__|_| |_|_| |_\__, | / / / /
 =========|_|==============|___/=/_/_/_/

 :: Spring Boot ::                (v3.3.4)

2025-01-11T19:15:20.127+01:00  INFO 8328 --- [           main] c.r.t.controller.AdminControllerTest     : Starting AdminControllerTest using Java 21.0.2 with PID 8328 (started by Uporabnik in C:\Users\Uporabnik\Desktop\Ris projekt\ToDoApp\RIS_todoapp\backend\ris_todoapp)
2025-01-11T19:15:20.129+01:00  INFO 8328 --- [           main] c.r.t.controller.AdminControllerTest     : No active profile set, falling back to 1 default profile: "default"
2025-01-11T19:15:20.193+01:00 DEBUG 8328 --- [           main] o.s.w.c.s.GenericWebApplicationContext   : Refreshing org.springframework.web.context.support.GenericWebApplicationContext@126be319
2025-01-11T19:15:20.747+01:00  INFO 8328 --- [           main] .s.d.r.c.RepositoryConfigurationDelegate : Bootstrapping Spring Data JPA repositories in DEFAULT mode.
2025-01-11T19:15:20.803+01:00  INFO 8328 --- [           main] .s.d.r.c.RepositoryConfigurationDelegate : Finished Spring Data repository scanning in 47 ms. Found 3 JPA repository interfaces.
2025-01-11T19:15:21.742+01:00  INFO 8328 --- [           main] o.hibernate.jpa.internal.util.LogHelper  : HHH000204: Processing PersistenceUnitInfo [name: default]
2025-01-11T19:15:21.828+01:00  INFO 8328 --- [           main] org.hibernate.Version                    : HHH000412: Hibernate ORM core version 6.5.3.Final
2025-01-11T19:15:21.877+01:00  INFO 8328 --- [           main] o.h.c.internal.RegionFactoryInitiator    : HHH000026: Second-level cache disabled
2025-01-11T19:15:22.344+01:00  INFO 8328 --- [           main] o.s.o.j.p.SpringPersistenceUnitInfo      : No LoadTimeWeaver setup: ignoring JPA class transformer
2025-01-11T19:15:22.384+01:00  INFO 8328 --- [           main] com.zaxxer.hikari.HikariDataSource       : HikariPool-1 - Starting...
2025-01-11T19:15:22.906+01:00  INFO 8328 --- [           main] com.zaxxer.hikari.pool.HikariPool        : HikariPool-1 - Added connection com.mysql.cj.jdbc.ConnectionImpl@3f3c5ecd
2025-01-11T19:15:22.909+01:00  INFO 8328 --- [           main] com.zaxxer.hikari.HikariDataSource       : HikariPool-1 - Start completed.
2025-01-11T19:15:22.991+01:00  WARN 8328 --- [           main] org.hibernate.orm.deprecation            : HHH90000025: MySQL8Dialect does not need to be specified explicitly using 'hibernate.dialect' (remove the property setting and it will be selected by default)
2025-01-11T19:15:22.992+01:00  WARN 8328 --- [           main] org.hibernate.orm.deprecation            : HHH90000026: MySQL8Dialect has been deprecated; use org.hibernate.dialect.MySQLDialect instead
2025-01-11T19:15:23.999+01:00  INFO 8328 --- [           main] o.h.e.t.j.p.i.JtaPlatformInitiator       : HHH000489: No JTA platform available (set 'hibernate.transaction.jta.platform' to enable JTA platform integration)
2025-01-11T19:15:24.083+01:00 DEBUG 8328 --- [           main] org.hibernate.SQL                        : 
    alter table tasks 
       modify column description varchar(1000)
Hibernate: 
    alter table tasks 
       modify column description varchar(1000)
2025-01-11T19:15:24.230+01:00 DEBUG 8328 --- [           main] org.hibernate.SQL                        : 
    alter table tasks 
       add column externalEventId varchar(255)
Hibernate: 
    alter table tasks 
       add column externalEventId varchar(255)
2025-01-11T19:15:24.262+01:00 DEBUG 8328 --- [           main] org.hibernate.SQL                        : 
    alter table tasks 
       add column latitude float(53)
Hibernate: 
    alter table tasks 
       add column latitude float(53)
2025-01-11T19:15:24.285+01:00 DEBUG 8328 --- [           main] org.hibernate.SQL                        : 
    alter table tasks 
       add column location_address varchar(255)
Hibernate: 
    alter table tasks 
       add column location_address varchar(255)
2025-01-11T19:15:24.303+01:00 DEBUG 8328 --- [           main] org.hibernate.SQL                        : 
    alter table tasks 
       add column longitude float(53)
Hibernate: 
    alter table tasks 
       add column longitude float(53)
2025-01-11T19:15:24.326+01:00 DEBUG 8328 --- [           main] org.hibernate.SQL                        : 
    alter table tasks 
       modify column task_name varchar(255) not null
Hibernate: 
    alter table tasks 
       modify column task_name varchar(255) not null
2025-01-11T19:15:24.340+01:00 DEBUG 8328 --- [           main] org.hibernate.SQL                        : 
    alter table taskType 
       modify column type varchar(255) not null
Hibernate: 
    alter table taskType 
       modify column type varchar(255) not null
2025-01-11T19:15:24.412+01:00 DEBUG 8328 --- [           main] org.hibernate.SQL                        : 
    alter table user 
       modify column email varchar(255)
Hibernate: 
    alter table user 
       modify column email varchar(255)
2025-01-11T19:15:24.489+01:00 DEBUG 8328 --- [           main] org.hibernate.SQL                        : 
    alter table user 
       modify column name varchar(255)
Hibernate: 
    alter table user 
       modify column name varchar(255)
2025-01-11T19:15:24.585+01:00 DEBUG 8328 --- [           main] org.hibernate.SQL                        : 
    alter table user 
       modify column surname varchar(255)
Hibernate: 
    alter table user 
       modify column surname varchar(255)
2025-01-11T19:15:24.690+01:00  INFO 8328 --- [           main] j.LocalContainerEntityManagerFactoryBean : Initialized JPA EntityManagerFactory for persistence unit 'default'
2025-01-11T19:15:25.533+01:00  WARN 8328 --- [           main] JpaBaseConfiguration$JpaWebConfiguration : spring.jpa.open-in-view is enabled by default. Therefore, database queries may be performed during view rendering. Explicitly configure spring.jpa.open-in-view to disable this warning
2025-01-11T19:15:25.647+01:00 DEBUG 8328 --- [           main] s.w.s.m.m.a.RequestMappingHandlerMapping : 22 mappings in 'requestMappingHandlerMapping'
2025-01-11T19:15:25.790+01:00 DEBUG 8328 --- [           main] o.s.w.s.handler.SimpleUrlHandlerMapping  : Patterns [/webjars/**, /**] in 'resourceHandlerMapping'
2025-01-11T19:15:25.838+01:00 DEBUG 8328 --- [           main] s.w.s.m.m.a.RequestMappingHandlerAdapter : ControllerAdvice beans: 0 @ModelAttribute, 0 @InitBinder, 1 RequestBodyAdvice, 1 ResponseBodyAdvice
2025-01-11T19:15:25.886+01:00 DEBUG 8328 --- [           main] .m.m.a.ExceptionHandlerExceptionResolver : ControllerAdvice beans: 0 @ExceptionHandler, 1 ResponseBodyAdvice
2025-01-11T19:15:26.047+01:00  INFO 8328 --- [           main] c.r.t.controller.AdminControllerTest     : Started AdminControllerTest in 6.352 seconds (process running for 7.86)
2025-01-11T19:15:26.856+01:00 DEBUG 8328 --- [           main] org.hibernate.SQL                        : 
    /* insert for
        com.ris.todoapp.entity.User */insert 
    into
        user (admin, email, name, password, surname) 
    values
        (?, ?, ?, ?, ?)
Hibernate: 
    /* insert for
        com.ris.todoapp.entity.User */insert 
    into
        user (admin, email, name, password, surname) 
    values
        (?, ?, ?, ?, ?)
2025-01-11T19:15:26.990+01:00 DEBUG 8328 --- [           main] org.hibernate.SQL                        : 
    /* insert for
        com.ris.todoapp.entity.User */insert 
    into
        user (admin, email, name, password, surname) 
    values
        (?, ?, ?, ?, ?)
Hibernate: 
    /* insert for
        com.ris.todoapp.entity.User */insert 
    into
        user (admin, email, name, password, surname) 
    values
        (?, ?, ?, ?, ?)
2025-01-11T19:15:26.998+01:00 DEBUG 8328 --- [           main] org.hibernate.SQL                        : 
    /* insert for
        com.ris.todoapp.entity.TaskType */insert 
    into
        taskType (type) 
    values
        (?)
Hibernate: 
    /* insert for
        com.ris.todoapp.entity.TaskType */insert 
    into
        taskType (type) 
    values
        (?)
2025-01-11T19:15:27.007+01:00 DEBUG 8328 --- [           main] org.hibernate.SQL                        : 
    /* insert for
        com.ris.todoapp.entity.Task */insert 
    into
        tasks (description, due_datetime, externalEventId, is_completed, latitude, location_address, longitude, picture, task_name, task_type_id, user_id) 
    values
        (?, ?, ?, ?, ?, ?, ?, ?, ?, ?, ?)
Hibernate: 
    /* insert for
        com.ris.todoapp.entity.Task */insert 
    into
        tasks (description, due_datetime, externalEventId, is_completed, latitude, location_address, longitude, picture, task_name, task_type_id, user_id) 
    values
        (?, ?, ?, ?, ?, ?, ?, ?, ?, ?, ?)
2025-01-11T19:15:27.058+01:00 DEBUG 8328 --- [           main] org.hibernate.SQL                        : 
    select
        u1_0.id,
        u1_0.admin,
        u1_0.email,
        u1_0.name,
        u1_0.password,
        u1_0.surname 
    from
        user u1_0 
    where
        u1_0.id=?
Hibernate: 
    select
        u1_0.id,
        u1_0.admin,
        u1_0.email,
        u1_0.name,
        u1_0.password,
        u1_0.surname 
    from
        user u1_0 
    where
        u1_0.id=?
2025-01-11T19:15:27.506+01:00 DEBUG 8328 --- [           main] org.hibernate.SQL                        : 
    /* select
        count(*) 
    from
        Task x 
    WHERE
        x.id = :id */ select
            count(*) 
        from
            tasks t1_0 
        where
            t1_0.id=?
Hibernate: 
    /* select
        count(*) 
    from
        Task x 
    WHERE
        x.id = :id */ select
            count(*) 
        from
            tasks t1_0 
        where
            t1_0.id=?
2025-01-11T19:15:27.515+01:00 DEBUG 8328 --- [           main] org.hibernate.SQL                        : 
    select
        t1_0.id,
        t1_0.description,
        t1_0.due_datetime,
        t1_0.externalEventId,
        t1_0.is_completed,
        t1_0.latitude,
        t1_0.location_address,
        t1_0.longitude,
        t1_0.picture,
        t1_0.task_name,
        t1_0.task_type_id,
        tt1_0.id,
        tt1_0.type,
        t1_0.user_id,
        u1_0.id,
        u1_0.admin,
        u1_0.email,
        u1_0.name,
        u1_0.password,
        u1_0.surname 
    from
        tasks t1_0 
    join
        taskType tt1_0 
            on tt1_0.id=t1_0.task_type_id 
    join
        user u1_0 
            on u1_0.id=t1_0.user_id 
    where
        t1_0.id=?
Hibernate: 
    select
        t1_0.id,
        t1_0.description,
        t1_0.due_datetime,
        t1_0.externalEventId,
        t1_0.is_completed,
        t1_0.latitude,
        t1_0.location_address,
        t1_0.longitude,
        t1_0.picture,
        t1_0.task_name,
        t1_0.task_type_id,
        tt1_0.id,
        tt1_0.type,
        t1_0.user_id,
        u1_0.id,
        u1_0.admin,
        u1_0.email,
        u1_0.name,
        u1_0.password,
        u1_0.surname 
    from
        tasks t1_0 
    join
        taskType tt1_0 
            on tt1_0.id=t1_0.task_type_id 
    join
        user u1_0 
            on u1_0.id=t1_0.user_id 
    where
        t1_0.id=?
2025-01-11T19:15:27.525+01:00 DEBUG 8328 --- [           main] org.hibernate.SQL                        : 
    /* delete for com.ris.todoapp.entity.Task */delete 
    from
        tasks 
    where
        id=?
Hibernate: 
    /* delete for com.ris.todoapp.entity.Task */delete 
    from
        tasks 
    where
        id=?
2025-01-11T19:15:27.559+01:00 DEBUG 8328 --- [           main] org.hibernate.SQL                        : 
    /* select
        count(*) 
    from
        Task x 
    WHERE
        x.id = :id */ select
            count(*) 
        from
            tasks t1_0 
        where
            t1_0.id=?
Hibernate: 
    /* select
        count(*) 
    from
        Task x 
    WHERE
        x.id = :id */ select
            count(*) 
        from
            tasks t1_0 
        where
            t1_0.id=?
2025-01-11T19:15:27.586+01:00 DEBUG 8328 --- [           main] org.hibernate.SQL                        : 
    /* <criteria> */ select
        t1_0.id,
        t1_0.description,
        t1_0.due_datetime,
        t1_0.externalEventId,
        t1_0.is_completed,
        t1_0.latitude,
        t1_0.location_address,
        t1_0.longitude,
        t1_0.picture,
        t1_0.task_name,
        t1_0.task_type_id,
        t1_0.user_id 
    from
        tasks t1_0
Hibernate: 
    /* <criteria> */ select
        t1_0.id,
        t1_0.description,
        t1_0.due_datetime,
        t1_0.externalEventId,
        t1_0.is_completed,
        t1_0.latitude,
        t1_0.location_address,
        t1_0.longitude,
        t1_0.picture,
        t1_0.task_name,
        t1_0.task_type_id,
        t1_0.user_id 
    from
        tasks t1_0
2025-01-11T19:15:27.588+01:00 DEBUG 8328 --- [           main] org.hibernate.SQL                        : 
    select
        tt1_0.id,
        tt1_0.type 
    from
        taskType tt1_0 
    where
        tt1_0.id=?
Hibernate: 
    select
        tt1_0.id,
        tt1_0.type 
    from
        taskType tt1_0 
    where
        tt1_0.id=?
2025-01-11T19:15:27.590+01:00 DEBUG 8328 --- [           main] org.hibernate.SQL                        : 
    select
        u1_0.id,
        u1_0.admin,
        u1_0.email,
        u1_0.name,
        u1_0.password,
        u1_0.surname 
    from
        user u1_0 
    where
        u1_0.id=?
Hibernate: 
    select
        u1_0.id,
        u1_0.admin,
        u1_0.email,
        u1_0.name,
        u1_0.password,
        u1_0.surname 
    from
        user u1_0 
    where
        u1_0.id=?
2025-01-11T19:15:27.592+01:00 DEBUG 8328 --- [           main] org.hibernate.SQL                        : 
    select
        tt1_0.id,
        tt1_0.type 
    from
        taskType tt1_0 
    where
        tt1_0.id=?
Hibernate: 
    select
        tt1_0.id,
        tt1_0.type 
    from
        taskType tt1_0 
    where
        tt1_0.id=?
2025-01-11T19:15:27.594+01:00 DEBUG 8328 --- [           main] org.hibernate.SQL                        : 
    select
        u1_0.id,
        u1_0.admin,
        u1_0.email,
        u1_0.name,
        u1_0.password,
        u1_0.surname 
    from
        user u1_0 
    where
        u1_0.id=?
Hibernate: 
    select
        u1_0.id,
        u1_0.admin,
        u1_0.email,
        u1_0.name,
        u1_0.password,
        u1_0.surname 
    from
        user u1_0 
    where
        u1_0.id=?
2025-01-11T19:15:27.596+01:00 DEBUG 8328 --- [           main] org.hibernate.SQL                        : 
    select
        tt1_0.id,
        tt1_0.type 
    from
        taskType tt1_0 
    where
        tt1_0.id=?
Hibernate: 
    select
        tt1_0.id,
        tt1_0.type 
    from
        taskType tt1_0 
    where
        tt1_0.id=?
2025-01-11T19:15:27.598+01:00 DEBUG 8328 --- [           main] org.hibernate.SQL                        : 
    select
        u1_0.id,
        u1_0.admin,
        u1_0.email,
        u1_0.name,
        u1_0.password,
        u1_0.surname 
    from
        user u1_0 
    where
        u1_0.id=?
Hibernate: 
    select
        u1_0.id,
        u1_0.admin,
        u1_0.email,
        u1_0.name,
        u1_0.password,
        u1_0.surname 
    from
        user u1_0 
    where
        u1_0.id=?
2025-01-11T19:15:27.602+01:00 DEBUG 8328 --- [           main] org.hibernate.SQL                        : 
    /* delete for com.ris.todoapp.entity.Task */delete 
    from
        tasks 
    where
        id=?
Hibernate: 
    /* delete for com.ris.todoapp.entity.Task */delete 
    from
        tasks 
    where
        id=?
2025-01-11T19:15:27.603+01:00 DEBUG 8328 --- [           main] org.hibernate.SQL                        : 
    /* delete for com.ris.todoapp.entity.Task */delete 
    from
        tasks 
    where
        id=?
Hibernate: 
    /* delete for com.ris.todoapp.entity.Task */delete 
    from
        tasks 
    where
        id=?
2025-01-11T19:15:27.604+01:00 DEBUG 8328 --- [           main] org.hibernate.SQL                        : 
    /* delete for com.ris.todoapp.entity.Task */delete 
    from
        tasks 
    where
        id=?
Hibernate: 
    /* delete for com.ris.todoapp.entity.Task */delete 
    from
        tasks 
    where
        id=?
2025-01-11T19:15:27.615+01:00 DEBUG 8328 --- [           main] org.hibernate.SQL                        : 
    /* <criteria> */ select
        tt1_0.id,
        tt1_0.type 
    from
        taskType tt1_0
Hibernate: 
    /* <criteria> */ select
        tt1_0.id,
        tt1_0.type 
    from
        taskType tt1_0
2025-01-11T19:15:27.618+01:00 DEBUG 8328 --- [           main] org.hibernate.SQL                        : 
    /* delete for com.ris.todoapp.entity.TaskType */delete 
    from
        taskType 
    where
        id=?
Hibernate: 
    /* delete for com.ris.todoapp.entity.TaskType */delete 
    from
        taskType 
    where
        id=?
2025-01-11T19:15:27.620+01:00 DEBUG 8328 --- [           main] org.hibernate.SQL                        : 
    /* delete for com.ris.todoapp.entity.TaskType */delete 
    from
        taskType 
    where
        id=?
Hibernate: 
    /* delete for com.ris.todoapp.entity.TaskType */delete 
    from
        taskType 
    where
        id=?
2025-01-11T19:15:27.623+01:00 DEBUG 8328 --- [           main] org.hibernate.SQL                        : 
    /* delete for com.ris.todoapp.entity.TaskType */delete 
    from
        taskType 
    where
        id=?
Hibernate: 
    /* delete for com.ris.todoapp.entity.TaskType */delete 
    from
        taskType 
    where
        id=?
2025-01-11T19:15:27.625+01:00 DEBUG 8328 --- [           main] org.hibernate.SQL                        : 
    /* delete for com.ris.todoapp.entity.TaskType */delete 
    from
        taskType 
    where
        id=?
Hibernate: 
    /* delete for com.ris.todoapp.entity.TaskType */delete 
    from
        taskType 
    where
        id=?
2025-01-11T19:15:27.633+01:00 DEBUG 8328 --- [           main] org.hibernate.SQL                        : 
    /* <criteria> */ select
        u1_0.id,
        u1_0.admin,
        u1_0.email,
        u1_0.name,
        u1_0.password,
        u1_0.surname 
    from
        user u1_0
Hibernate: 
    /* <criteria> */ select
        u1_0.id,
        u1_0.admin,
        u1_0.email,
        u1_0.name,
        u1_0.password,
        u1_0.surname 
    from
        user u1_0
2025-01-11T19:15:27.637+01:00 DEBUG 8328 --- [           main] org.hibernate.SQL                        : 
    /* delete for com.ris.todoapp.entity.User */delete 
    from
        user 
    where
        id=?
Hibernate: 
    /* delete for com.ris.todoapp.entity.User */delete 
    from
        user 
    where
        id=?
2025-01-11T19:15:27.639+01:00 DEBUG 8328 --- [           main] org.hibernate.SQL                        : 
    /* delete for com.ris.todoapp.entity.User */delete 
    from
        user 
    where
        id=?
Hibernate: 
    /* delete for com.ris.todoapp.entity.User */delete 
    from
        user 
    where
        id=?
2025-01-11T19:15:27.640+01:00 DEBUG 8328 --- [           main] org.hibernate.SQL                        : 
    /* delete for com.ris.todoapp.entity.User */delete 
    from
        user 
    where
        id=?
Hibernate: 
    /* delete for com.ris.todoapp.entity.User */delete 
    from
        user 
    where
        id=?
2025-01-11T19:15:27.641+01:00 DEBUG 8328 --- [           main] org.hibernate.SQL                        : 
    /* delete for com.ris.todoapp.entity.User */delete 
    from
        user 
    where
        id=?
Hibernate: 
    /* delete for com.ris.todoapp.entity.User */delete 
    from
        user 
    where
        id=?
2025-01-11T19:15:27.642+01:00 DEBUG 8328 --- [           main] org.hibernate.SQL                        : 
    /* delete for com.ris.todoapp.entity.User */delete 
    from
        user 
    where
        id=?
Hibernate: 
    /* delete for com.ris.todoapp.entity.User */delete 
    from
        user 
    where
        id=?
]]></system-out>
    <system-err><![CDATA[WARNING: A Java agent has been loaded dynamically (C:\Users\Uporabnik\.m2\repository\net\bytebuddy\byte-buddy-agent\1.14.19\byte-buddy-agent-1.14.19.jar)
WARNING: If a serviceability tool is in use, please run with -XX:+EnableDynamicAgentLoading to hide this warning
WARNING: If a serviceability tool is not in use, please run with -Djdk.instrument.traceUsage for more information
WARNING: Dynamic loading of agents will be disallowed by default in a future release
]]></system-err>
  </testcase>
  <testcase name="testDeleteTaskAsNonAdmin" classname="com.ris.todoapp.controller.AdminControllerTest" time="0.094">
    <system-out><![CDATA[2025-01-11T19:15:27.668+01:00 DEBUG 8328 --- [           main] org.hibernate.SQL                        : 
    /* insert for
        com.ris.todoapp.entity.User */insert 
    into
        user (admin, email, name, password, surname) 
    values
        (?, ?, ?, ?, ?)
Hibernate: 
    /* insert for
        com.ris.todoapp.entity.User */insert 
    into
        user (admin, email, name, password, surname) 
    values
        (?, ?, ?, ?, ?)
2025-01-11T19:15:27.677+01:00 DEBUG 8328 --- [           main] org.hibernate.SQL                        : 
    /* insert for
        com.ris.todoapp.entity.User */insert 
    into
        user (admin, email, name, password, surname) 
    values
        (?, ?, ?, ?, ?)
Hibernate: 
    /* insert for
        com.ris.todoapp.entity.User */insert 
    into
        user (admin, email, name, password, surname) 
    values
        (?, ?, ?, ?, ?)
2025-01-11T19:15:27.689+01:00 DEBUG 8328 --- [           main] org.hibernate.SQL                        : 
    /* insert for
        com.ris.todoapp.entity.TaskType */insert 
    into
        taskType (type) 
    values
        (?)
Hibernate: 
    /* insert for
        com.ris.todoapp.entity.TaskType */insert 
    into
        taskType (type) 
    values
        (?)
2025-01-11T19:15:27.698+01:00 DEBUG 8328 --- [           main] org.hibernate.SQL                        : 
    /* insert for
        com.ris.todoapp.entity.Task */insert 
    into
        tasks (description, due_datetime, externalEventId, is_completed, latitude, location_address, longitude, picture, task_name, task_type_id, user_id) 
    values
        (?, ?, ?, ?, ?, ?, ?, ?, ?, ?, ?)
Hibernate: 
    /* insert for
        com.ris.todoapp.entity.Task */insert 
    into
        tasks (description, due_datetime, externalEventId, is_completed, latitude, location_address, longitude, picture, task_name, task_type_id, user_id) 
    values
        (?, ?, ?, ?, ?, ?, ?, ?, ?, ?, ?)
2025-01-11T19:15:27.709+01:00 DEBUG 8328 --- [           main] org.hibernate.SQL                        : 
    select
        u1_0.id,
        u1_0.admin,
        u1_0.email,
        u1_0.name,
        u1_0.password,
        u1_0.surname 
    from
        user u1_0 
    where
        u1_0.id=?
Hibernate: 
    select
        u1_0.id,
        u1_0.admin,
        u1_0.email,
        u1_0.name,
        u1_0.password,
        u1_0.surname 
    from
        user u1_0 
    where
        u1_0.id=?
2025-01-11T19:15:27.717+01:00 DEBUG 8328 --- [           main] org.hibernate.SQL                        : 
    /* <criteria> */ select
        t1_0.id,
        t1_0.description,
        t1_0.due_datetime,
        t1_0.externalEventId,
        t1_0.is_completed,
        t1_0.latitude,
        t1_0.location_address,
        t1_0.longitude,
        t1_0.picture,
        t1_0.task_name,
        t1_0.task_type_id,
        t1_0.user_id 
    from
        tasks t1_0
Hibernate: 
    /* <criteria> */ select
        t1_0.id,
        t1_0.description,
        t1_0.due_datetime,
        t1_0.externalEventId,
        t1_0.is_completed,
        t1_0.latitude,
        t1_0.location_address,
        t1_0.longitude,
        t1_0.picture,
        t1_0.task_name,
        t1_0.task_type_id,
        t1_0.user_id 
    from
        tasks t1_0
2025-01-11T19:15:27.720+01:00 DEBUG 8328 --- [           main] org.hibernate.SQL                        : 
    select
        tt1_0.id,
        tt1_0.type 
    from
        taskType tt1_0 
    where
        tt1_0.id=?
Hibernate: 
    select
        tt1_0.id,
        tt1_0.type 
    from
        taskType tt1_0 
    where
        tt1_0.id=?
2025-01-11T19:15:27.722+01:00 DEBUG 8328 --- [           main] org.hibernate.SQL                        : 
    select
        u1_0.id,
        u1_0.admin,
        u1_0.email,
        u1_0.name,
        u1_0.password,
        u1_0.surname 
    from
        user u1_0 
    where
        u1_0.id=?
Hibernate: 
    select
        u1_0.id,
        u1_0.admin,
        u1_0.email,
        u1_0.name,
        u1_0.password,
        u1_0.surname 
    from
        user u1_0 
    where
        u1_0.id=?
2025-01-11T19:15:27.726+01:00 DEBUG 8328 --- [           main] org.hibernate.SQL                        : 
    /* delete for com.ris.todoapp.entity.Task */delete 
    from
        tasks 
    where
        id=?
Hibernate: 
    /* delete for com.ris.todoapp.entity.Task */delete 
    from
        tasks 
    where
        id=?
2025-01-11T19:15:27.734+01:00 DEBUG 8328 --- [           main] org.hibernate.SQL                        : 
    /* <criteria> */ select
        tt1_0.id,
        tt1_0.type 
    from
        taskType tt1_0
Hibernate: 
    /* <criteria> */ select
        tt1_0.id,
        tt1_0.type 
    from
        taskType tt1_0
2025-01-11T19:15:27.736+01:00 DEBUG 8328 --- [           main] org.hibernate.SQL                        : 
    /* delete for com.ris.todoapp.entity.TaskType */delete 
    from
        taskType 
    where
        id=?
Hibernate: 
    /* delete for com.ris.todoapp.entity.TaskType */delete 
    from
        taskType 
    where
        id=?
2025-01-11T19:15:27.744+01:00 DEBUG 8328 --- [           main] org.hibernate.SQL                        : 
    /* <criteria> */ select
        u1_0.id,
        u1_0.admin,
        u1_0.email,
        u1_0.name,
        u1_0.password,
        u1_0.surname 
    from
        user u1_0
Hibernate: 
    /* <criteria> */ select
        u1_0.id,
        u1_0.admin,
        u1_0.email,
        u1_0.name,
        u1_0.password,
        u1_0.surname 
    from
        user u1_0
2025-01-11T19:15:27.747+01:00 DEBUG 8328 --- [           main] org.hibernate.SQL                        : 
    /* delete for com.ris.todoapp.entity.User */delete 
    from
        user 
    where
        id=?
Hibernate: 
    /* delete for com.ris.todoapp.entity.User */delete 
    from
        user 
    where
        id=?
2025-01-11T19:15:27.749+01:00 DEBUG 8328 --- [           main] org.hibernate.SQL                        : 
    /* delete for com.ris.todoapp.entity.User */delete 
    from
        user 
    where
        id=?
Hibernate: 
    /* delete for com.ris.todoapp.entity.User */delete 
    from
        user 
    where
        id=?
]]></system-out>
  </testcase>
  <testcase name="testDeleteUserAsNonAdmin" classname="com.ris.todoapp.controller.AdminControllerTest" time="0.09">
    <system-out><![CDATA[2025-01-11T19:15:27.761+01:00 DEBUG 8328 --- [           main] org.hibernate.SQL                        : 
    /* insert for
        com.ris.todoapp.entity.User */insert 
    into
        user (admin, email, name, password, surname) 
    values
        (?, ?, ?, ?, ?)
Hibernate: 
    /* insert for
        com.ris.todoapp.entity.User */insert 
    into
        user (admin, email, name, password, surname) 
    values
        (?, ?, ?, ?, ?)
2025-01-11T19:15:27.772+01:00 DEBUG 8328 --- [           main] org.hibernate.SQL                        : 
    /* insert for
        com.ris.todoapp.entity.User */insert 
    into
        user (admin, email, name, password, surname) 
    values
        (?, ?, ?, ?, ?)
Hibernate: 
    /* insert for
        com.ris.todoapp.entity.User */insert 
    into
        user (admin, email, name, password, surname) 
    values
        (?, ?, ?, ?, ?)
2025-01-11T19:15:27.782+01:00 DEBUG 8328 --- [           main] org.hibernate.SQL                        : 
    /* insert for
        com.ris.todoapp.entity.TaskType */insert 
    into
        taskType (type) 
    values
        (?)
Hibernate: 
    /* insert for
        com.ris.todoapp.entity.TaskType */insert 
    into
        taskType (type) 
    values
        (?)
2025-01-11T19:15:27.790+01:00 DEBUG 8328 --- [           main] org.hibernate.SQL                        : 
    /* insert for
        com.ris.todoapp.entity.Task */insert 
    into
        tasks (description, due_datetime, externalEventId, is_completed, latitude, location_address, longitude, picture, task_name, task_type_id, user_id) 
    values
        (?, ?, ?, ?, ?, ?, ?, ?, ?, ?, ?)
Hibernate: 
    /* insert for
        com.ris.todoapp.entity.Task */insert 
    into
        tasks (description, due_datetime, externalEventId, is_completed, latitude, location_address, longitude, picture, task_name, task_type_id, user_id) 
    values
        (?, ?, ?, ?, ?, ?, ?, ?, ?, ?, ?)
2025-01-11T19:15:27.802+01:00 DEBUG 8328 --- [           main] org.hibernate.SQL                        : 
    select
        u1_0.id,
        u1_0.admin,
        u1_0.email,
        u1_0.name,
        u1_0.password,
        u1_0.surname 
    from
        user u1_0 
    where
        u1_0.id=?
Hibernate: 
    select
        u1_0.id,
        u1_0.admin,
        u1_0.email,
        u1_0.name,
        u1_0.password,
        u1_0.surname 
    from
        user u1_0 
    where
        u1_0.id=?
2025-01-11T19:15:27.807+01:00 DEBUG 8328 --- [           main] org.hibernate.SQL                        : 
    /* <criteria> */ select
        t1_0.id,
        t1_0.description,
        t1_0.due_datetime,
        t1_0.externalEventId,
        t1_0.is_completed,
        t1_0.latitude,
        t1_0.location_address,
        t1_0.longitude,
        t1_0.picture,
        t1_0.task_name,
        t1_0.task_type_id,
        t1_0.user_id 
    from
        tasks t1_0
Hibernate: 
    /* <criteria> */ select
        t1_0.id,
        t1_0.description,
        t1_0.due_datetime,
        t1_0.externalEventId,
        t1_0.is_completed,
        t1_0.latitude,
        t1_0.location_address,
        t1_0.longitude,
        t1_0.picture,
        t1_0.task_name,
        t1_0.task_type_id,
        t1_0.user_id 
    from
        tasks t1_0
2025-01-11T19:15:27.808+01:00 DEBUG 8328 --- [           main] org.hibernate.SQL                        : 
    select
        tt1_0.id,
        tt1_0.type 
    from
        taskType tt1_0 
    where
        tt1_0.id=?
Hibernate: 
    select
        tt1_0.id,
        tt1_0.type 
    from
        taskType tt1_0 
    where
        tt1_0.id=?
2025-01-11T19:15:27.810+01:00 DEBUG 8328 --- [           main] org.hibernate.SQL                        : 
    select
        u1_0.id,
        u1_0.admin,
        u1_0.email,
        u1_0.name,
        u1_0.password,
        u1_0.surname 
    from
        user u1_0 
    where
        u1_0.id=?
Hibernate: 
    select
        u1_0.id,
        u1_0.admin,
        u1_0.email,
        u1_0.name,
        u1_0.password,
        u1_0.surname 
    from
        user u1_0 
    where
        u1_0.id=?
2025-01-11T19:15:27.815+01:00 DEBUG 8328 --- [           main] org.hibernate.SQL                        : 
    /* delete for com.ris.todoapp.entity.Task */delete 
    from
        tasks 
    where
        id=?
Hibernate: 
    /* delete for com.ris.todoapp.entity.Task */delete 
    from
        tasks 
    where
        id=?
2025-01-11T19:15:27.825+01:00 DEBUG 8328 --- [           main] org.hibernate.SQL                        : 
    /* <criteria> */ select
        tt1_0.id,
        tt1_0.type 
    from
        taskType tt1_0
Hibernate: 
    /* <criteria> */ select
        tt1_0.id,
        tt1_0.type 
    from
        taskType tt1_0
2025-01-11T19:15:27.828+01:00 DEBUG 8328 --- [           main] org.hibernate.SQL                        : 
    /* delete for com.ris.todoapp.entity.TaskType */delete 
    from
        taskType 
    where
        id=?
Hibernate: 
    /* delete for com.ris.todoapp.entity.TaskType */delete 
    from
        taskType 
    where
        id=?
2025-01-11T19:15:27.836+01:00 DEBUG 8328 --- [           main] org.hibernate.SQL                        : 
    /* <criteria> */ select
        u1_0.id,
        u1_0.admin,
        u1_0.email,
        u1_0.name,
        u1_0.password,
        u1_0.surname 
    from
        user u1_0
Hibernate: 
    /* <criteria> */ select
        u1_0.id,
        u1_0.admin,
        u1_0.email,
        u1_0.name,
        u1_0.password,
        u1_0.surname 
    from
        user u1_0
2025-01-11T19:15:27.839+01:00 DEBUG 8328 --- [           main] org.hibernate.SQL                        : 
    /* delete for com.ris.todoapp.entity.User */delete 
    from
        user 
    where
        id=?
Hibernate: 
    /* delete for com.ris.todoapp.entity.User */delete 
    from
        user 
    where
        id=?
2025-01-11T19:15:27.841+01:00 DEBUG 8328 --- [           main] org.hibernate.SQL                        : 
    /* delete for com.ris.todoapp.entity.User */delete 
    from
        user 
    where
        id=?
Hibernate: 
    /* delete for com.ris.todoapp.entity.User */delete 
    from
        user 
    where
        id=?
]]></system-out>
  </testcase>
  <testcase name="testGetAllUsersAsAdmin" classname="com.ris.todoapp.controller.AdminControllerTest" time="0.11">
    <system-out><![CDATA[2025-01-11T19:15:27.856+01:00 DEBUG 8328 --- [           main] org.hibernate.SQL                        : 
    /* insert for
        com.ris.todoapp.entity.User */insert 
    into
        user (admin, email, name, password, surname) 
    values
        (?, ?, ?, ?, ?)
Hibernate: 
    /* insert for
        com.ris.todoapp.entity.User */insert 
    into
        user (admin, email, name, password, surname) 
    values
        (?, ?, ?, ?, ?)
2025-01-11T19:15:27.869+01:00 DEBUG 8328 --- [           main] org.hibernate.SQL                        : 
    /* insert for
        com.ris.todoapp.entity.User */insert 
    into
        user (admin, email, name, password, surname) 
    values
        (?, ?, ?, ?, ?)
Hibernate: 
    /* insert for
        com.ris.todoapp.entity.User */insert 
    into
        user (admin, email, name, password, surname) 
    values
        (?, ?, ?, ?, ?)
2025-01-11T19:15:27.879+01:00 DEBUG 8328 --- [           main] org.hibernate.SQL                        : 
    /* insert for
        com.ris.todoapp.entity.TaskType */insert 
    into
        taskType (type) 
    values
        (?)
Hibernate: 
    /* insert for
        com.ris.todoapp.entity.TaskType */insert 
    into
        taskType (type) 
    values
        (?)
2025-01-11T19:15:27.889+01:00 DEBUG 8328 --- [           main] org.hibernate.SQL                        : 
    /* insert for
        com.ris.todoapp.entity.Task */insert 
    into
        tasks (description, due_datetime, externalEventId, is_completed, latitude, location_address, longitude, picture, task_name, task_type_id, user_id) 
    values
        (?, ?, ?, ?, ?, ?, ?, ?, ?, ?, ?)
Hibernate: 
    /* insert for
        com.ris.todoapp.entity.Task */insert 
    into
        tasks (description, due_datetime, externalEventId, is_completed, latitude, location_address, longitude, picture, task_name, task_type_id, user_id) 
    values
        (?, ?, ?, ?, ?, ?, ?, ?, ?, ?, ?)
2025-01-11T19:15:27.902+01:00 DEBUG 8328 --- [           main] org.hibernate.SQL                        : 
    select
        u1_0.id,
        u1_0.admin,
        u1_0.email,
        u1_0.name,
        u1_0.password,
        u1_0.surname 
    from
        user u1_0 
    where
        u1_0.id=?
Hibernate: 
    select
        u1_0.id,
        u1_0.admin,
        u1_0.email,
        u1_0.name,
        u1_0.password,
        u1_0.surname 
    from
        user u1_0 
    where
        u1_0.id=?
2025-01-11T19:15:27.910+01:00 DEBUG 8328 --- [           main] org.hibernate.SQL                        : 
    /* <criteria> */ select
        u1_0.id,
        u1_0.admin,
        u1_0.email,
        u1_0.name,
        u1_0.password,
        u1_0.surname 
    from
        user u1_0
Hibernate: 
    /* <criteria> */ select
        u1_0.id,
        u1_0.admin,
        u1_0.email,
        u1_0.name,
        u1_0.password,
        u1_0.surname 
    from
        user u1_0
2025-01-11T19:15:27.921+01:00 DEBUG 8328 --- [           main] org.hibernate.SQL                        : 
    /* <criteria> */ select
        t1_0.id,
        t1_0.description,
        t1_0.due_datetime,
        t1_0.externalEventId,
        t1_0.is_completed,
        t1_0.latitude,
        t1_0.location_address,
        t1_0.longitude,
        t1_0.picture,
        t1_0.task_name,
        t1_0.task_type_id,
        t1_0.user_id 
    from
        tasks t1_0
Hibernate: 
    /* <criteria> */ select
        t1_0.id,
        t1_0.description,
        t1_0.due_datetime,
        t1_0.externalEventId,
        t1_0.is_completed,
        t1_0.latitude,
        t1_0.location_address,
        t1_0.longitude,
        t1_0.picture,
        t1_0.task_name,
        t1_0.task_type_id,
        t1_0.user_id 
    from
        tasks t1_0
2025-01-11T19:15:27.924+01:00 DEBUG 8328 --- [           main] org.hibernate.SQL                        : 
    select
        tt1_0.id,
        tt1_0.type 
    from
        taskType tt1_0 
    where
        tt1_0.id=?
Hibernate: 
    select
        tt1_0.id,
        tt1_0.type 
    from
        taskType tt1_0 
    where
        tt1_0.id=?
2025-01-11T19:15:27.926+01:00 DEBUG 8328 --- [           main] org.hibernate.SQL                        : 
    select
        u1_0.id,
        u1_0.admin,
        u1_0.email,
        u1_0.name,
        u1_0.password,
        u1_0.surname 
    from
        user u1_0 
    where
        u1_0.id=?
Hibernate: 
    select
        u1_0.id,
        u1_0.admin,
        u1_0.email,
        u1_0.name,
        u1_0.password,
        u1_0.surname 
    from
        user u1_0 
    where
        u1_0.id=?
2025-01-11T19:15:27.929+01:00 DEBUG 8328 --- [           main] org.hibernate.SQL                        : 
    /* delete for com.ris.todoapp.entity.Task */delete 
    from
        tasks 
    where
        id=?
Hibernate: 
    /* delete for com.ris.todoapp.entity.Task */delete 
    from
        tasks 
    where
        id=?
2025-01-11T19:15:27.939+01:00 DEBUG 8328 --- [           main] org.hibernate.SQL                        : 
    /* <criteria> */ select
        tt1_0.id,
        tt1_0.type 
    from
        taskType tt1_0
Hibernate: 
    /* <criteria> */ select
        tt1_0.id,
        tt1_0.type 
    from
        taskType tt1_0
2025-01-11T19:15:27.942+01:00 DEBUG 8328 --- [           main] org.hibernate.SQL                        : 
    /* delete for com.ris.todoapp.entity.TaskType */delete 
    from
        taskType 
    where
        id=?
Hibernate: 
    /* delete for com.ris.todoapp.entity.TaskType */delete 
    from
        taskType 
    where
        id=?
2025-01-11T19:15:27.950+01:00 DEBUG 8328 --- [           main] org.hibernate.SQL                        : 
    /* <criteria> */ select
        u1_0.id,
        u1_0.admin,
        u1_0.email,
        u1_0.name,
        u1_0.password,
        u1_0.surname 
    from
        user u1_0
Hibernate: 
    /* <criteria> */ select
        u1_0.id,
        u1_0.admin,
        u1_0.email,
        u1_0.name,
        u1_0.password,
        u1_0.surname 
    from
        user u1_0
2025-01-11T19:15:27.952+01:00 DEBUG 8328 --- [           main] org.hibernate.SQL                        : 
    /* delete for com.ris.todoapp.entity.User */delete 
    from
        user 
    where
        id=?
Hibernate: 
    /* delete for com.ris.todoapp.entity.User */delete 
    from
        user 
    where
        id=?
2025-01-11T19:15:27.954+01:00 DEBUG 8328 --- [           main] org.hibernate.SQL                        : 
    /* delete for com.ris.todoapp.entity.User */delete 
    from
        user 
    where
        id=?
Hibernate: 
    /* delete for com.ris.todoapp.entity.User */delete 
    from
        user 
    where
        id=?
]]></system-out>
  </testcase>
  <testcase name="testDeleteUserAsAdmin" classname="com.ris.todoapp.controller.AdminControllerTest" time="0.157">
    <system-out><![CDATA[2025-01-11T19:15:27.965+01:00 DEBUG 8328 --- [           main] org.hibernate.SQL                        : 
    /* insert for
        com.ris.todoapp.entity.User */insert 
    into
        user (admin, email, name, password, surname) 
    values
        (?, ?, ?, ?, ?)
Hibernate: 
    /* insert for
        com.ris.todoapp.entity.User */insert 
    into
        user (admin, email, name, password, surname) 
    values
        (?, ?, ?, ?, ?)
2025-01-11T19:15:27.974+01:00 DEBUG 8328 --- [           main] org.hibernate.SQL                        : 
    /* insert for
        com.ris.todoapp.entity.User */insert 
    into
        user (admin, email, name, password, surname) 
    values
        (?, ?, ?, ?, ?)
Hibernate: 
    /* insert for
        com.ris.todoapp.entity.User */insert 
    into
        user (admin, email, name, password, surname) 
    values
        (?, ?, ?, ?, ?)
2025-01-11T19:15:27.981+01:00 DEBUG 8328 --- [           main] org.hibernate.SQL                        : 
    /* insert for
        com.ris.todoapp.entity.TaskType */insert 
    into
        taskType (type) 
    values
        (?)
Hibernate: 
    /* insert for
        com.ris.todoapp.entity.TaskType */insert 
    into
        taskType (type) 
    values
        (?)
2025-01-11T19:15:28.000+01:00 DEBUG 8328 --- [           main] org.hibernate.SQL                        : 
    /* insert for
        com.ris.todoapp.entity.Task */insert 
    into
        tasks (description, due_datetime, externalEventId, is_completed, latitude, location_address, longitude, picture, task_name, task_type_id, user_id) 
    values
        (?, ?, ?, ?, ?, ?, ?, ?, ?, ?, ?)
Hibernate: 
    /* insert for
        com.ris.todoapp.entity.Task */insert 
    into
        tasks (description, due_datetime, externalEventId, is_completed, latitude, location_address, longitude, picture, task_name, task_type_id, user_id) 
    values
        (?, ?, ?, ?, ?, ?, ?, ?, ?, ?, ?)
2025-01-11T19:15:28.009+01:00 DEBUG 8328 --- [           main] org.hibernate.SQL                        : 
    select
        u1_0.id,
        u1_0.admin,
        u1_0.email,
        u1_0.name,
        u1_0.password,
        u1_0.surname 
    from
        user u1_0 
    where
        u1_0.id=?
Hibernate: 
    select
        u1_0.id,
        u1_0.admin,
        u1_0.email,
        u1_0.name,
        u1_0.password,
        u1_0.surname 
    from
        user u1_0 
    where
        u1_0.id=?
2025-01-11T19:15:28.018+01:00 DEBUG 8328 --- [           main] org.hibernate.SQL                        : 
    /* select
        count(*) 
    from
        User x 
    WHERE
        x.id = :id */ select
            count(*) 
        from
            user u1_0 
        where
            u1_0.id=?
Hibernate: 
    /* select
        count(*) 
    from
        User x 
    WHERE
        x.id = :id */ select
            count(*) 
        from
            user u1_0 
        where
            u1_0.id=?
2025-01-11T19:15:28.023+01:00 DEBUG 8328 --- [           main] org.hibernate.SQL                        : 
    select
        u1_0.id,
        u1_0.admin,
        u1_0.email,
        u1_0.name,
        u1_0.password,
        u1_0.surname 
    from
        user u1_0 
    where
        u1_0.id=?
Hibernate: 
    select
        u1_0.id,
        u1_0.admin,
        u1_0.email,
        u1_0.name,
        u1_0.password,
        u1_0.surname 
    from
        user u1_0 
    where
        u1_0.id=?
2025-01-11T19:15:28.037+01:00 DEBUG 8328 --- [           main] org.hibernate.SQL                        : 
    /* delete for com.ris.todoapp.entity.User */delete 
    from
        user 
    where
        id=?
Hibernate: 
    /* delete for com.ris.todoapp.entity.User */delete 
    from
        user 
    where
        id=?
2025-01-11T19:15:28.065+01:00 DEBUG 8328 --- [           main] org.hibernate.SQL                        : 
    /* select
        count(*) 
    from
        User x 
    WHERE
        x.id = :id */ select
            count(*) 
        from
            user u1_0 
        where
            u1_0.id=?
Hibernate: 
    /* select
        count(*) 
    from
        User x 
    WHERE
        x.id = :id */ select
            count(*) 
        from
            user u1_0 
        where
            u1_0.id=?
2025-01-11T19:15:28.086+01:00 DEBUG 8328 --- [           main] org.hibernate.SQL                        : 
    /* <criteria> */ select
        t1_0.id,
        t1_0.description,
        t1_0.due_datetime,
        t1_0.externalEventId,
        t1_0.is_completed,
        t1_0.latitude,
        t1_0.location_address,
        t1_0.longitude,
        t1_0.picture,
        t1_0.task_name,
        t1_0.task_type_id,
        t1_0.user_id 
    from
        tasks t1_0
Hibernate: 
    /* <criteria> */ select
        t1_0.id,
        t1_0.description,
        t1_0.due_datetime,
        t1_0.externalEventId,
        t1_0.is_completed,
        t1_0.latitude,
        t1_0.location_address,
        t1_0.longitude,
        t1_0.picture,
        t1_0.task_name,
        t1_0.task_type_id,
        t1_0.user_id 
    from
        tasks t1_0
2025-01-11T19:15:28.095+01:00 DEBUG 8328 --- [           main] org.hibernate.SQL                        : 
    /* <criteria> */ select
        tt1_0.id,
        tt1_0.type 
    from
        taskType tt1_0
Hibernate: 
    /* <criteria> */ select
        tt1_0.id,
        tt1_0.type 
    from
        taskType tt1_0
2025-01-11T19:15:28.099+01:00 DEBUG 8328 --- [           main] org.hibernate.SQL                        : 
    /* delete for com.ris.todoapp.entity.TaskType */delete 
    from
        taskType 
    where
        id=?
Hibernate: 
    /* delete for com.ris.todoapp.entity.TaskType */delete 
    from
        taskType 
    where
        id=?
2025-01-11T19:15:28.107+01:00 DEBUG 8328 --- [           main] org.hibernate.SQL                        : 
    /* <criteria> */ select
        u1_0.id,
        u1_0.admin,
        u1_0.email,
        u1_0.name,
        u1_0.password,
        u1_0.surname 
    from
        user u1_0
Hibernate: 
    /* <criteria> */ select
        u1_0.id,
        u1_0.admin,
        u1_0.email,
        u1_0.name,
        u1_0.password,
        u1_0.surname 
    from
        user u1_0
2025-01-11T19:15:28.110+01:00 DEBUG 8328 --- [           main] org.hibernate.SQL                        : 
    /* delete for com.ris.todoapp.entity.User */delete 
    from
        user 
    where
        id=?
Hibernate: 
    /* delete for com.ris.todoapp.entity.User */delete 
    from
        user 
    where
        id=?
]]></system-out>
  </testcase>
  <testcase name="testGetAllUsersAsNonAdmin" classname="com.ris.todoapp.controller.AdminControllerTest" time="0.093">
    <system-out><![CDATA[2025-01-11T19:15:28.126+01:00 DEBUG 8328 --- [           main] org.hibernate.SQL                        : 
    /* insert for
        com.ris.todoapp.entity.User */insert 
    into
        user (admin, email, name, password, surname) 
    values
        (?, ?, ?, ?, ?)
Hibernate: 
    /* insert for
        com.ris.todoapp.entity.User */insert 
    into
        user (admin, email, name, password, surname) 
    values
        (?, ?, ?, ?, ?)
2025-01-11T19:15:28.138+01:00 DEBUG 8328 --- [           main] org.hibernate.SQL                        : 
    /* insert for
        com.ris.todoapp.entity.User */insert 
    into
        user (admin, email, name, password, surname) 
    values
        (?, ?, ?, ?, ?)
Hibernate: 
    /* insert for
        com.ris.todoapp.entity.User */insert 
    into
        user (admin, email, name, password, surname) 
    values
        (?, ?, ?, ?, ?)
2025-01-11T19:15:28.148+01:00 DEBUG 8328 --- [           main] org.hibernate.SQL                        : 
    /* insert for
        com.ris.todoapp.entity.TaskType */insert 
    into
        taskType (type) 
    values
        (?)
Hibernate: 
    /* insert for
        com.ris.todoapp.entity.TaskType */insert 
    into
        taskType (type) 
    values
        (?)
2025-01-11T19:15:28.154+01:00 DEBUG 8328 --- [           main] org.hibernate.SQL                        : 
    /* insert for
        com.ris.todoapp.entity.Task */insert 
    into
        tasks (description, due_datetime, externalEventId, is_completed, latitude, location_address, longitude, picture, task_name, task_type_id, user_id) 
    values
        (?, ?, ?, ?, ?, ?, ?, ?, ?, ?, ?)
Hibernate: 
    /* insert for
        com.ris.todoapp.entity.Task */insert 
    into
        tasks (description, due_datetime, externalEventId, is_completed, latitude, location_address, longitude, picture, task_name, task_type_id, user_id) 
    values
        (?, ?, ?, ?, ?, ?, ?, ?, ?, ?, ?)
2025-01-11T19:15:28.165+01:00 DEBUG 8328 --- [           main] org.hibernate.SQL                        : 
    select
        u1_0.id,
        u1_0.admin,
        u1_0.email,
        u1_0.name,
        u1_0.password,
        u1_0.surname 
    from
        user u1_0 
    where
        u1_0.id=?
Hibernate: 
    select
        u1_0.id,
        u1_0.admin,
        u1_0.email,
        u1_0.name,
        u1_0.password,
        u1_0.surname 
    from
        user u1_0 
    where
        u1_0.id=?
2025-01-11T19:15:28.172+01:00 DEBUG 8328 --- [           main] org.hibernate.SQL                        : 
    /* <criteria> */ select
        t1_0.id,
        t1_0.description,
        t1_0.due_datetime,
        t1_0.externalEventId,
        t1_0.is_completed,
        t1_0.latitude,
        t1_0.location_address,
        t1_0.longitude,
        t1_0.picture,
        t1_0.task_name,
        t1_0.task_type_id,
        t1_0.user_id 
    from
        tasks t1_0
Hibernate: 
    /* <criteria> */ select
        t1_0.id,
        t1_0.description,
        t1_0.due_datetime,
        t1_0.externalEventId,
        t1_0.is_completed,
        t1_0.latitude,
        t1_0.location_address,
        t1_0.longitude,
        t1_0.picture,
        t1_0.task_name,
        t1_0.task_type_id,
        t1_0.user_id 
    from
        tasks t1_0
2025-01-11T19:15:28.175+01:00 DEBUG 8328 --- [           main] org.hibernate.SQL                        : 
    select
        tt1_0.id,
        tt1_0.type 
    from
        taskType tt1_0 
    where
        tt1_0.id=?
Hibernate: 
    select
        tt1_0.id,
        tt1_0.type 
    from
        taskType tt1_0 
    where
        tt1_0.id=?
2025-01-11T19:15:28.178+01:00 DEBUG 8328 --- [           main] org.hibernate.SQL                        : 
    select
        u1_0.id,
        u1_0.admin,
        u1_0.email,
        u1_0.name,
        u1_0.password,
        u1_0.surname 
    from
        user u1_0 
    where
        u1_0.id=?
Hibernate: 
    select
        u1_0.id,
        u1_0.admin,
        u1_0.email,
        u1_0.name,
        u1_0.password,
        u1_0.surname 
    from
        user u1_0 
    where
        u1_0.id=?
2025-01-11T19:15:28.181+01:00 DEBUG 8328 --- [           main] org.hibernate.SQL                        : 
    /* delete for com.ris.todoapp.entity.Task */delete 
    from
        tasks 
    where
        id=?
Hibernate: 
    /* delete for com.ris.todoapp.entity.Task */delete 
    from
        tasks 
    where
        id=?
2025-01-11T19:15:28.189+01:00 DEBUG 8328 --- [           main] org.hibernate.SQL                        : 
    /* <criteria> */ select
        tt1_0.id,
        tt1_0.type 
    from
        taskType tt1_0
Hibernate: 
    /* <criteria> */ select
        tt1_0.id,
        tt1_0.type 
    from
        taskType tt1_0
2025-01-11T19:15:28.191+01:00 DEBUG 8328 --- [           main] org.hibernate.SQL                        : 
    /* delete for com.ris.todoapp.entity.TaskType */delete 
    from
        taskType 
    where
        id=?
Hibernate: 
    /* delete for com.ris.todoapp.entity.TaskType */delete 
    from
        taskType 
    where
        id=?
2025-01-11T19:15:28.199+01:00 DEBUG 8328 --- [           main] org.hibernate.SQL                        : 
    /* <criteria> */ select
        u1_0.id,
        u1_0.admin,
        u1_0.email,
        u1_0.name,
        u1_0.password,
        u1_0.surname 
    from
        user u1_0
Hibernate: 
    /* <criteria> */ select
        u1_0.id,
        u1_0.admin,
        u1_0.email,
        u1_0.name,
        u1_0.password,
        u1_0.surname 
    from
        user u1_0
2025-01-11T19:15:28.203+01:00 DEBUG 8328 --- [           main] org.hibernate.SQL                        : 
    /* delete for com.ris.todoapp.entity.User */delete 
    from
        user 
    where
        id=?
Hibernate: 
    /* delete for com.ris.todoapp.entity.User */delete 
    from
        user 
    where
        id=?
2025-01-11T19:15:28.206+01:00 DEBUG 8328 --- [           main] org.hibernate.SQL                        : 
    /* delete for com.ris.todoapp.entity.User */delete 
    from
        user 
    where
        id=?
Hibernate: 
    /* delete for com.ris.todoapp.entity.User */delete 
    from
        user 
    where
        id=?
]]></system-out>
  </testcase>
</testsuite>