<?xml version="1.0" encoding="UTF-8"?>
<testsuite xmlns:xsi="http://www.w3.org/2001/XMLSchema-instance" xsi:noNamespaceSchemaLocation="https://maven.apache.org/surefire/maven-surefire-plugin/xsd/surefire-test-report-3.0.xsd" version="3.0" name="com.ris.todoapp.repository.TaskTypeRepositoryTest" time="6.117" tests="1" errors="0" skipped="0" failures="0">
  <properties>
[...]
</properties>
  <testcase name="testFindAll" classname="com.ris.todoapp.repository.TaskTypeRepositoryTest" time="0.652">
    <system-out><![CDATA[00:18:45.049 [main] INFO org.springframework.test.context.support.AnnotationConfigContextLoaderUtils -- Could not detect default configuration classes for test class [com.ris.todoapp.repository.TaskTypeRepositoryTest]: TaskTypeRepositoryTest does not declare any static, non-private, non-final, nested classes annotated with @Configuration.
00:18:45.183 [main] INFO org.springframework.boot.test.context.SpringBootTestContextBootstrapper -- Found @SpringBootConfiguration com.ris.todoapp.App for test class com.ris.todoapp.repository.TaskTypeRepositoryTest

  .   ____          _            __ _ _
 /\\ / ___'_ __ _ _(_)_ __  __ _ \ \ \ \
( ( )\___ | '_ | '_| | '_ \/ _` | \ \ \ \
 \\/  ___)| |_)| | | | | || (_| |  ) ) ) )
  '  |____| .__|_| |_|_| |_\__, | / / / /
 =========|_|==============|___/=/_/_/_/

 :: Spring Boot ::                (v3.3.4)

2024-11-28T00:18:45.685+01:00  INFO 19436 --- [           main] c.r.t.repository.TaskTypeRepositoryTest  : Starting TaskTypeRepositoryTest using Java 21.0.1 with PID 19436 (started by cvikl in C:\Users\cvikl\OneDrive\Namizje\RIS_todoapp\backend\ris_todoapp)
2024-11-28T00:18:45.686+01:00  INFO 19436 --- [           main] c.r.t.repository.TaskTypeRepositoryTest  : No active profile set, falling back to 1 default profile: "default"
2024-11-28T00:18:45.730+01:00 DEBUG 19436 --- [           main] o.s.w.c.s.GenericWebApplicationContext   : Refreshing org.springframework.web.context.support.GenericWebApplicationContext@3a80515c
2024-11-28T00:18:46.221+01:00  INFO 19436 --- [           main] .s.d.r.c.RepositoryConfigurationDelegate : Bootstrapping Spring Data JPA repositories in DEFAULT mode.
2024-11-28T00:18:46.280+01:00  INFO 19436 --- [           main] .s.d.r.c.RepositoryConfigurationDelegate : Finished Spring Data repository scanning in 50 ms. Found 3 JPA repository interfaces.
2024-11-28T00:18:47.037+01:00  INFO 19436 --- [           main] o.hibernate.jpa.internal.util.LogHelper  : HHH000204: Processing PersistenceUnitInfo [name: default]
2024-11-28T00:18:47.102+01:00  INFO 19436 --- [           main] org.hibernate.Version                    : HHH000412: Hibernate ORM core version 6.5.3.Final
2024-11-28T00:18:47.143+01:00  INFO 19436 --- [           main] o.h.c.internal.RegionFactoryInitiator    : HHH000026: Second-level cache disabled
2024-11-28T00:18:47.596+01:00  INFO 19436 --- [           main] o.s.o.j.p.SpringPersistenceUnitInfo      : No LoadTimeWeaver setup: ignoring JPA class transformer
2024-11-28T00:18:47.644+01:00  INFO 19436 --- [           main] com.zaxxer.hikari.HikariDataSource       : HikariPool-1 - Starting...
2024-11-28T00:18:48.050+01:00  INFO 19436 --- [           main] com.zaxxer.hikari.pool.HikariPool        : HikariPool-1 - Added connection com.mysql.cj.jdbc.ConnectionImpl@d85b399
2024-11-28T00:18:48.053+01:00  INFO 19436 --- [           main] com.zaxxer.hikari.HikariDataSource       : HikariPool-1 - Start completed.
2024-11-28T00:18:48.104+01:00  WARN 19436 --- [           main] org.hibernate.orm.deprecation            : HHH90000025: MySQL8Dialect does not need to be specified explicitly using 'hibernate.dialect' (remove the property setting and it will be selected by default)
2024-11-28T00:18:48.105+01:00  WARN 19436 --- [           main] org.hibernate.orm.deprecation            : HHH90000026: MySQL8Dialect has been deprecated; use org.hibernate.dialect.MySQLDialect instead
2024-11-28T00:18:49.123+01:00  INFO 19436 --- [           main] o.h.e.t.j.p.i.JtaPlatformInitiator       : HHH000489: No JTA platform available (set 'hibernate.transaction.jta.platform' to enable JTA platform integration)
2024-11-28T00:18:49.233+01:00  INFO 19436 --- [           main] j.LocalContainerEntityManagerFactoryBean : Initialized JPA EntityManagerFactory for persistence unit 'default'
2024-11-28T00:18:49.836+01:00  WARN 19436 --- [           main] JpaBaseConfiguration$JpaWebConfiguration : spring.jpa.open-in-view is enabled by default. Therefore, database queries may be performed during view rendering. Explicitly configure spring.jpa.open-in-view to disable this warning
2024-11-28T00:18:49.955+01:00 DEBUG 19436 --- [           main] s.w.s.m.m.a.RequestMappingHandlerMapping : 21 mappings in 'requestMappingHandlerMapping'
2024-11-28T00:18:50.091+01:00 DEBUG 19436 --- [           main] o.s.w.s.handler.SimpleUrlHandlerMapping  : Patterns [/webjars/**, /**] in 'resourceHandlerMapping'
2024-11-28T00:18:50.130+01:00 DEBUG 19436 --- [           main] s.w.s.m.m.a.RequestMappingHandlerAdapter : ControllerAdvice beans: 0 @ModelAttribute, 0 @InitBinder, 1 RequestBodyAdvice, 1 ResponseBodyAdvice
2024-11-28T00:18:50.169+01:00 DEBUG 19436 --- [           main] .m.m.a.ExceptionHandlerExceptionResolver : ControllerAdvice beans: 0 @ExceptionHandler, 1 ResponseBodyAdvice
2024-11-28T00:18:50.281+01:00  INFO 19436 --- [           main] c.r.t.repository.TaskTypeRepositoryTest  : Started TaskTypeRepositoryTest in 4.905 seconds (process running for 6.086)
2024-11-28T00:18:50.925+01:00 DEBUG 19436 --- [           main] org.hibernate.SQL                        : 
    /* <criteria> */ select
        tt1_0.id,
        tt1_0.type 
    from
        taskType tt1_0
Hibernate: 
    /* <criteria> */ select
        tt1_0.id,
        tt1_0.type 
    from
        taskType tt1_0
Task Types: [com.ris.todoapp.entity.TaskType@5562f297, com.ris.todoapp.entity.TaskType@37bac0f4, com.ris.todoapp.entity.TaskType@20c55658]
]]></system-out>
    <system-err><![CDATA[WARNING: A Java agent has been loaded dynamically (C:\Users\cvikl\.m2\repository\net\bytebuddy\byte-buddy-agent\1.14.19\byte-buddy-agent-1.14.19.jar)
WARNING: If a serviceability tool is in use, please run with -XX:+EnableDynamicAgentLoading to hide this warning
WARNING: If a serviceability tool is not in use, please run with -Djdk.instrument.traceUsage for more information
WARNING: Dynamic loading of agents will be disallowed by default in a future release
]]></system-err>
  </testcase>
</testsuite>