<?xml version="1.0" encoding="UTF-8"?>
<testsuite xmlns:xsi="http://www.w3.org/2001/XMLSchema-instance" xsi:noNamespaceSchemaLocation="https://maven.apache.org/surefire/maven-surefire-plugin/xsd/surefire-test-report-3.0.xsd" version="3.0" name="com.ris.todoapp.repository.TaskTypeRepositoryTest" time="2.376" tests="1" errors="0" skipped="0" failures="0">
  <properties>
[...]
</properties>
  <testcase name="testFindAll" classname="com.ris.todoapp.repository.TaskTypeRepositoryTest" time="0.352">
    <system-out><![CDATA[18:43:01.777 [main] INFO org.springframework.test.context.support.AnnotationConfigContextLoaderUtils -- Could not detect default configuration classes for test class [com.ris.todoapp.repository.TaskTypeRepositoryTest]: TaskTypeRepositoryTest does not declare any static, non-private, non-final, nested classes annotated with @Configuration.
18:43:01.832 [main] INFO org.springframework.boot.test.context.SpringBootTestContextBootstrapper -- Found @SpringBootConfiguration com.ris.todoapp.App for test class com.ris.todoapp.repository.TaskTypeRepositoryTest

  .   ____          _            __ _ _
 /\\ / ___'_ __ _ _(_)_ __  __ _ \ \ \ \
( ( )\___ | '_ | '_| | '_ \/ _` | \ \ \ \
 \\/  ___)| |_)| | | | | || (_| |  ) ) ) )
  '  |____| .__|_| |_|_| |_\__, | / / / /
 =========|_|==============|___/=/_/_/_/

 :: Spring Boot ::                (v3.3.4)

2024-12-02T18:43:01.992+01:00  INFO 22833 --- [           main] c.r.t.repository.TaskTypeRepositoryTest  : Starting TaskTypeRepositoryTest using Java 23 with PID 22833 (started by HP2 in /Users/AM/Documents/Ales.java/FERI/2_letnik/RIS/RIS_skupinski_projekt/ToDoApp/RIS_todoapp/backend/ris_todoapp)
2024-12-02T18:43:01.992+01:00  INFO 22833 --- [           main] c.r.t.repository.TaskTypeRepositoryTest  : No active profile set, falling back to 1 default profile: "default"
2024-12-02T18:43:02.007+01:00 DEBUG 22833 --- [           main] o.s.w.c.s.GenericWebApplicationContext   : Refreshing org.springframework.web.context.support.GenericWebApplicationContext@3e2fc448
2024-12-02T18:43:02.185+01:00  INFO 22833 --- [           main] .s.d.r.c.RepositoryConfigurationDelegate : Bootstrapping Spring Data JPA repositories in DEFAULT mode.
2024-12-02T18:43:02.205+01:00  INFO 22833 --- [           main] .s.d.r.c.RepositoryConfigurationDelegate : Finished Spring Data repository scanning in 16 ms. Found 3 JPA repository interfaces.
2024-12-02T18:43:02.457+01:00  INFO 22833 --- [           main] o.hibernate.jpa.internal.util.LogHelper  : HHH000204: Processing PersistenceUnitInfo [name: default]
2024-12-02T18:43:02.486+01:00  INFO 22833 --- [           main] org.hibernate.Version                    : HHH000412: Hibernate ORM core version 6.5.3.Final
2024-12-02T18:43:02.502+01:00  INFO 22833 --- [           main] o.h.c.internal.RegionFactoryInitiator    : HHH000026: Second-level cache disabled
2024-12-02T18:43:02.648+01:00  INFO 22833 --- [           main] o.s.o.j.p.SpringPersistenceUnitInfo      : No LoadTimeWeaver setup: ignoring JPA class transformer
2024-12-02T18:43:02.660+01:00  INFO 22833 --- [           main] com.zaxxer.hikari.HikariDataSource       : HikariPool-1 - Starting...
2024-12-02T18:43:02.918+01:00  INFO 22833 --- [           main] com.zaxxer.hikari.pool.HikariPool        : HikariPool-1 - Added connection com.mysql.cj.jdbc.ConnectionImpl@71039ce1
2024-12-02T18:43:02.919+01:00  INFO 22833 --- [           main] com.zaxxer.hikari.HikariDataSource       : HikariPool-1 - Start completed.
2024-12-02T18:43:02.951+01:00  WARN 22833 --- [           main] org.hibernate.orm.deprecation            : HHH90000025: MySQL8Dialect does not need to be specified explicitly using 'hibernate.dialect' (remove the property setting and it will be selected by default)
2024-12-02T18:43:02.951+01:00  WARN 22833 --- [           main] org.hibernate.orm.deprecation            : HHH90000026: MySQL8Dialect has been deprecated; use org.hibernate.dialect.MySQLDialect instead
2024-12-02T18:43:03.323+01:00  INFO 22833 --- [           main] o.h.e.t.j.p.i.JtaPlatformInitiator       : HHH000489: No JTA platform available (set 'hibernate.transaction.jta.platform' to enable JTA platform integration)
2024-12-02T18:43:03.363+01:00  INFO 22833 --- [           main] j.LocalContainerEntityManagerFactoryBean : Initialized JPA EntityManagerFactory for persistence unit 'default'
2024-12-02T18:43:03.566+01:00  WARN 22833 --- [           main] JpaBaseConfiguration$JpaWebConfiguration : spring.jpa.open-in-view is enabled by default. Therefore, database queries may be performed during view rendering. Explicitly configure spring.jpa.open-in-view to disable this warning
2024-12-02T18:43:03.602+01:00 DEBUG 22833 --- [           main] s.w.s.m.m.a.RequestMappingHandlerMapping : 21 mappings in 'requestMappingHandlerMapping'
2024-12-02T18:43:03.653+01:00 DEBUG 22833 --- [           main] o.s.w.s.handler.SimpleUrlHandlerMapping  : Patterns [/webjars/**, /**] in 'resourceHandlerMapping'
2024-12-02T18:43:03.666+01:00 DEBUG 22833 --- [           main] s.w.s.m.m.a.RequestMappingHandlerAdapter : ControllerAdvice beans: 0 @ModelAttribute, 0 @InitBinder, 1 RequestBodyAdvice, 1 ResponseBodyAdvice
2024-12-02T18:43:03.678+01:00 DEBUG 22833 --- [           main] .m.m.a.ExceptionHandlerExceptionResolver : ControllerAdvice beans: 0 @ExceptionHandler, 1 ResponseBodyAdvice
2024-12-02T18:43:03.710+01:00  INFO 22833 --- [           main] c.r.t.repository.TaskTypeRepositoryTest  : Started TaskTypeRepositoryTest in 1.816 seconds (process running for 2.269)
2024-12-02T18:43:04.057+01:00 DEBUG 22833 --- [           main] org.hibernate.SQL                        : 
    /* <criteria> */ select
        tt1_0.id,
        tt1_0.type 
    from
        taskType tt1_0
Hibernate: 
    /* <criteria> */ select
        tt1_0.id,
        tt1_0.type 
    from
        taskType tt1_0
Task Types: [com.ris.todoapp.entity.TaskType@66075347, com.ris.todoapp.entity.TaskType@56c7e2d1, com.ris.todoapp.entity.TaskType@2e549515]
]]></system-out>
    <system-err><![CDATA[WARNING: A Java agent has been loaded dynamically (/Users/AM/.m2/repository/net/bytebuddy/byte-buddy-agent/1.14.19/byte-buddy-agent-1.14.19.jar)
WARNING: If a serviceability tool is in use, please run with -XX:+EnableDynamicAgentLoading to hide this warning
WARNING: If a serviceability tool is not in use, please run with -Djdk.instrument.traceUsage for more information
WARNING: Dynamic loading of agents will be disallowed by default in a future release
]]></system-err>
  </testcase>
</testsuite>